{"/home/medal/Shop_Manager/frontend/src/components/Navbar.jsx": {"path":"/home/medal/Shop_Manager/frontend/src/components/Navbar.jsx","statementMap":{"0":{"start":{"line":25,"column":15},"end":{"line":74,"column":1}},"1":{"start":{"line":26,"column":62},"end":{"line":26,"column":77}},"2":{"start":{"line":28,"column":2},"end":{"line":73,"column":4}},"3":{"start":{"line":49,"column":55},"end":{"line":49,"column":96}},"4":{"start":{"line":54,"column":41},"end":{"line":54,"column":82}},"5":{"start":{"line":60,"column":41},"end":{"line":60,"column":82}},"6":{"start":{"line":66,"column":41},"end":{"line":66,"column":82}}},"fnMap":{"0":{"name":"(anonymous_0)","decl":{"start":{"line":25,"column":15},"end":{"line":25,"column":16}},"loc":{"start":{"line":25,"column":21},"end":{"line":74,"column":1}},"line":25},"1":{"name":"(anonymous_1)","decl":{"start":{"line":49,"column":37},"end":{"line":49,"column":38}},"loc":{"start":{"line":49,"column":55},"end":{"line":49,"column":96}},"line":49},"2":{"name":"(anonymous_2)","decl":{"start":{"line":54,"column":23},"end":{"line":54,"column":24}},"loc":{"start":{"line":54,"column":41},"end":{"line":54,"column":82}},"line":54},"3":{"name":"(anonymous_3)","decl":{"start":{"line":60,"column":23},"end":{"line":60,"column":24}},"loc":{"start":{"line":60,"column":41},"end":{"line":60,"column":82}},"line":60},"4":{"name":"(anonymous_4)","decl":{"start":{"line":66,"column":23},"end":{"line":66,"column":24}},"loc":{"start":{"line":66,"column":41},"end":{"line":66,"column":82}},"line":66}},"branchMap":{"0":{"loc":{"start":{"line":40,"column":13},"end":{"line":40,"column":59}},"type":"cond-expr","locations":[{"start":{"line":40,"column":33},"end":{"line":40,"column":44}},{"start":{"line":40,"column":47},"end":{"line":40,"column":59}}],"line":40},"1":{"loc":{"start":{"line":44,"column":13},"end":{"line":44,"column":63}},"type":"cond-expr","locations":[{"start":{"line":44,"column":33},"end":{"line":44,"column":46}},{"start":{"line":44,"column":49},"end":{"line":44,"column":63}}],"line":44},"2":{"loc":{"start":{"line":49,"column":69},"end":{"line":49,"column":94}},"type":"cond-expr","locations":[{"start":{"line":49,"column":80},"end":{"line":49,"column":89}},{"start":{"line":49,"column":92},"end":{"line":49,"column":94}}],"line":49},"3":{"loc":{"start":{"line":54,"column":55},"end":{"line":54,"column":80}},"type":"cond-expr","locations":[{"start":{"line":54,"column":66},"end":{"line":54,"column":75}},{"start":{"line":54,"column":78},"end":{"line":54,"column":80}}],"line":54},"4":{"loc":{"start":{"line":60,"column":55},"end":{"line":60,"column":80}},"type":"cond-expr","locations":[{"start":{"line":60,"column":66},"end":{"line":60,"column":75}},{"start":{"line":60,"column":78},"end":{"line":60,"column":80}}],"line":60},"5":{"loc":{"start":{"line":66,"column":55},"end":{"line":66,"column":80}},"type":"cond-expr","locations":[{"start":{"line":66,"column":66},"end":{"line":66,"column":75}},{"start":{"line":66,"column":78},"end":{"line":66,"column":80}}],"line":66},"6":{"loc":{"start":{"line":68,"column":13},"end":{"line":68,"column":34}},"type":"binary-expr","locations":[{"start":{"line":68,"column":13},"end":{"line":68,"column":23}},{"start":{"line":68,"column":27},"end":{"line":68,"column":34}}],"line":68}},"s":{"0":1,"1":22,"2":22,"3":22,"4":22,"5":22,"6":22},"f":{"0":22,"1":22,"2":22,"3":22,"4":22},"b":{"0":[4,18],"1":[3,19],"2":[21,1],"3":[1,21],"4":[0,22],"5":[0,22],"6":[22,0]},"_coverageSchema":"1a1c01bbd47fc00a2c39e90264f33305004495a9","hash":"b4c267bb0371442113490e8aa99e16c61ff8c5a1"}
,"/home/medal/Shop_Manager/frontend/src/components/ProductCard.jsx": {"path":"/home/medal/Shop_Manager/frontend/src/components/ProductCard.jsx","statementMap":{"0":{"start":{"line":18,"column":20},"end":{"line":58,"column":1}},"1":{"start":{"line":19,"column":16},"end":{"line":19,"column":31}},"2":{"start":{"line":22,"column":25},"end":{"line":22,"column":89}},"3":{"start":{"line":24,"column":2},"end":{"line":57,"column":4}},"4":{"start":{"line":48,"column":77},"end":{"line":48,"column":92}},"5":{"start":{"line":51,"column":74},"end":{"line":51,"column":94}}},"fnMap":{"0":{"name":"(anonymous_0)","decl":{"start":{"line":18,"column":20},"end":{"line":18,"column":21}},"loc":{"start":{"line":18,"column":55},"end":{"line":58,"column":1}},"line":18},"1":{"name":"(anonymous_1)","decl":{"start":{"line":48,"column":71},"end":{"line":48,"column":72}},"loc":{"start":{"line":48,"column":77},"end":{"line":48,"column":92}},"line":48},"2":{"name":"(anonymous_2)","decl":{"start":{"line":51,"column":68},"end":{"line":51,"column":69}},"loc":{"start":{"line":51,"column":74},"end":{"line":51,"column":94}},"line":51}},"branchMap":{"0":{"loc":{"start":{"line":22,"column":25},"end":{"line":22,"column":89}},"type":"cond-expr","locations":[{"start":{"line":22,"column":46},"end":{"line":22,"column":64}},{"start":{"line":22,"column":67},"end":{"line":22,"column":89}}],"line":22}},"s":{"0":1,"1":5,"2":5,"3":5,"4":1,"5":1},"f":{"0":5,"1":1,"2":1},"b":{"0":[2,3]},"_coverageSchema":"1a1c01bbd47fc00a2c39e90264f33305004495a9","hash":"91ddcfd6a0686202a36bfa24c36a4f4899f4b918"}
,"/home/medal/Shop_Manager/frontend/src/components/ProductList.jsx": {"path":"/home/medal/Shop_Manager/frontend/src/components/ProductList.jsx","statementMap":{"0":{"start":{"line":19,"column":20},"end":{"line":50,"column":1}},"1":{"start":{"line":20,"column":16},"end":{"line":20,"column":31}},"2":{"start":{"line":23,"column":2},"end":{"line":25,"column":3}},"3":{"start":{"line":24,"column":4},"end":{"line":24,"column":65}},"4":{"start":{"line":27,"column":2},"end":{"line":49,"column":4}},"5":{"start":{"line":44,"column":12},"end":{"line":44,"column":98}}},"fnMap":{"0":{"name":"(anonymous_0)","decl":{"start":{"line":19,"column":20},"end":{"line":19,"column":21}},"loc":{"start":{"line":19,"column":56},"end":{"line":50,"column":1}},"line":19},"1":{"name":"(anonymous_1)","decl":{"start":{"line":43,"column":24},"end":{"line":43,"column":25}},"loc":{"start":{"line":44,"column":12},"end":{"line":44,"column":98}},"line":44}},"branchMap":{"0":{"loc":{"start":{"line":23,"column":2},"end":{"line":25,"column":3}},"type":"if","locations":[{"start":{"line":23,"column":2},"end":{"line":25,"column":3}},{"start":{},"end":{}}],"line":23},"1":{"loc":{"start":{"line":23,"column":6},"end":{"line":23,"column":40}},"type":"binary-expr","locations":[{"start":{"line":23,"column":6},"end":{"line":23,"column":15}},{"start":{"line":23,"column":19},"end":{"line":23,"column":40}}],"line":23}},"s":{"0":1,"1":9,"2":9,"3":8,"4":1,"5":2},"f":{"0":9,"1":2},"b":{"0":[8,1],"1":[9,9]},"_coverageSchema":"1a1c01bbd47fc00a2c39e90264f33305004495a9","hash":"e369b745da3502e364c82ae09bf15ac9c811f706"}
,"/home/medal/Shop_Manager/frontend/src/components/transactionsCard.jsx": {"path":"/home/medal/Shop_Manager/frontend/src/components/transactionsCard.jsx","statementMap":{"0":{"start":{"line":16,"column":24},"end":{"line":64,"column":1}},"1":{"start":{"line":17,"column":16},"end":{"line":17,"column":31}},"2":{"start":{"line":18,"column":40},"end":{"line":18,"column":58}},"3":{"start":{"line":20,"column":2},"end":{"line":37,"column":35}},"4":{"start":{"line":21,"column":4},"end":{"line":24,"column":5}},"5":{"start":{"line":22,"column":6},"end":{"line":22,"column":25}},"6":{"start":{"line":23,"column":6},"end":{"line":23,"column":13}},"7":{"start":{"line":26,"column":29},"end":{"line":34,"column":5}},"8":{"start":{"line":27,"column":6},"end":{"line":33,"column":7}},"9":{"start":{"line":28,"column":24},"end":{"line":28,"column":68}},"10":{"start":{"line":29,"column":8},"end":{"line":29,"column":37}},"11":{"start":{"line":31,"column":8},"end":{"line":31,"column":61}},"12":{"start":{"line":32,"column":8},"end":{"line":32,"column":44}},"13":{"start":{"line":36,"column":4},"end":{"line":36,"column":23}},"14":{"start":{"line":39,"column":2},"end":{"line":41,"column":3}},"15":{"start":{"line":40,"column":4},"end":{"line":40,"column":16}},"16":{"start":{"line":43,"column":2},"end":{"line":63,"column":4}},"17":{"start":{"line":80,"column":24},"end":{"line":223,"column":1}},"18":{"start":{"line":81,"column":16},"end":{"line":81,"column":31}},"19":{"start":{"line":82,"column":34},"end":{"line":82,"column":52}},"20":{"start":{"line":83,"column":40},"end":{"line":83,"column":58}},"21":{"start":{"line":84,"column":34},"end":{"line":84,"column":51}},"22":{"start":{"line":85,"column":26},"end":{"line":85,"column":53}},"23":{"start":{"line":86,"column":28},"end":{"line":86,"column":46}},"24":{"start":{"line":87,"column":42},"end":{"line":87,"column":63}},"25":{"start":{"line":89,"column":2},"end":{"line":91,"column":20}},"26":{"start":{"line":90,"column":4},"end":{"line":90,"column":39}},"27":{"start":{"line":93,"column":2},"end":{"line":125,"column":10}},"28":{"start":{"line":94,"column":20},"end":{"line":94,"column":24}},"29":{"start":{"line":96,"column":25},"end":{"line":118,"column":5}},"30":{"start":{"line":97,"column":6},"end":{"line":117,"column":7}},"31":{"start":{"line":98,"column":21},"end":{"line":98,"column":40}},"32":{"start":{"line":99,"column":8},"end":{"line":101,"column":9}},"33":{"start":{"line":100,"column":10},"end":{"line":100,"column":17}},"34":{"start":{"line":103,"column":8},"end":{"line":103,"column":26}},"35":{"start":{"line":104,"column":8},"end":{"line":113,"column":9}},"36":{"start":{"line":105,"column":10},"end":{"line":112,"column":13}},"37":{"start":{"line":106,"column":40},"end":{"line":106,"column":93}},"38":{"start":{"line":106,"column":63},"end":{"line":106,"column":92}},"39":{"start":{"line":107,"column":12},"end":{"line":109,"column":13}},"40":{"start":{"line":108,"column":14},"end":{"line":108,"column":34}},"41":{"start":{"line":111,"column":12},"end":{"line":111,"column":32}},"42":{"start":{"line":115,"column":8},"end":{"line":115,"column":82}},"43":{"start":{"line":116,"column":8},"end":{"line":116,"column":42}},"44":{"start":{"line":120,"column":4},"end":{"line":120,"column":19}},"45":{"start":{"line":122,"column":4},"end":{"line":124,"column":6}},"46":{"start":{"line":123,"column":6},"end":{"line":123,"column":24}},"47":{"start":{"line":127,"column":23},"end":{"line":167,"column":3}},"48":{"start":{"line":128,"column":4},"end":{"line":128,"column":23}},"49":{"start":{"line":129,"column":4},"end":{"line":129,"column":17}},"50":{"start":{"line":131,"column":4},"end":{"line":134,"column":5}},"51":{"start":{"line":132,"column":6},"end":{"line":132,"column":35}},"52":{"start":{"line":133,"column":6},"end":{"line":133,"column":13}},"53":{"start":{"line":136,"column":4},"end":{"line":139,"column":5}},"54":{"start":{"line":137,"column":6},"end":{"line":137,"column":41}},"55":{"start":{"line":138,"column":6},"end":{"line":138,"column":13}},"56":{"start":{"line":141,"column":4},"end":{"line":141,"column":26}},"57":{"start":{"line":143,"column":4},"end":{"line":166,"column":5}},"58":{"start":{"line":144,"column":6},"end":{"line":148,"column":9}},"59":{"start":{"line":149,"column":6},"end":{"line":149,"column":21}},"60":{"start":{"line":150,"column":32},"end":{"line":150,"column":51}},"61":{"start":{"line":151,"column":6},"end":{"line":151,"column":37}},"62":{"start":{"line":152,"column":6},"end":{"line":161,"column":9}},"63":{"start":{"line":153,"column":36},"end":{"line":155,"column":9}},"64":{"start":{"line":154,"column":23},"end":{"line":154,"column":52}},"65":{"start":{"line":156,"column":8},"end":{"line":158,"column":9}},"66":{"start":{"line":157,"column":10},"end":{"line":157,"column":30}},"67":{"start":{"line":160,"column":8},"end":{"line":160,"column":48}},"68":{"start":{"line":163,"column":6},"end":{"line":163,"column":81}},"69":{"start":{"line":165,"column":6},"end":{"line":165,"column":29}},"70":{"start":{"line":169,"column":2},"end":{"line":222,"column":4}},"71":{"start":{"line":184,"column":29},"end":{"line":184,"column":59}},"72":{"start":{"line":187,"column":14},"end":{"line":189,"column":23}},"73":{"start":{"line":201,"column":29},"end":{"line":201,"column":64}},"74":{"start":{"line":206,"column":70},"end":{"line":206,"column":93}}},"fnMap":{"0":{"name":"(anonymous_0)","decl":{"start":{"line":16,"column":24},"end":{"line":16,"column":25}},"loc":{"start":{"line":16,"column":45},"end":{"line":64,"column":1}},"line":16},"1":{"name":"(anonymous_1)","decl":{"start":{"line":20,"column":18},"end":{"line":20,"column":19}},"loc":{"start":{"line":20,"column":24},"end":{"line":37,"column":3}},"line":20},"2":{"name":"(anonymous_2)","decl":{"start":{"line":26,"column":29},"end":{"line":26,"column":30}},"loc":{"start":{"line":26,"column":41},"end":{"line":34,"column":5}},"line":26},"3":{"name":"(anonymous_3)","decl":{"start":{"line":80,"column":24},"end":{"line":80,"column":25}},"loc":{"start":{"line":80,"column":98},"end":{"line":223,"column":1}},"line":80},"4":{"name":"(anonymous_4)","decl":{"start":{"line":89,"column":18},"end":{"line":89,"column":19}},"loc":{"start":{"line":89,"column":24},"end":{"line":91,"column":3}},"line":89},"5":{"name":"(anonymous_5)","decl":{"start":{"line":93,"column":18},"end":{"line":93,"column":19}},"loc":{"start":{"line":93,"column":24},"end":{"line":125,"column":3}},"line":93},"6":{"name":"(anonymous_6)","decl":{"start":{"line":96,"column":25},"end":{"line":96,"column":26}},"loc":{"start":{"line":96,"column":37},"end":{"line":118,"column":5}},"line":96},"7":{"name":"(anonymous_7)","decl":{"start":{"line":105,"column":25},"end":{"line":105,"column":26}},"loc":{"start":{"line":105,"column":43},"end":{"line":112,"column":11}},"line":105},"8":{"name":"(anonymous_8)","decl":{"start":{"line":106,"column":50},"end":{"line":106,"column":51}},"loc":{"start":{"line":106,"column":63},"end":{"line":106,"column":92}},"line":106},"9":{"name":"(anonymous_9)","decl":{"start":{"line":122,"column":11},"end":{"line":122,"column":12}},"loc":{"start":{"line":122,"column":17},"end":{"line":124,"column":5}},"line":122},"10":{"name":"(anonymous_10)","decl":{"start":{"line":127,"column":23},"end":{"line":127,"column":24}},"loc":{"start":{"line":127,"column":36},"end":{"line":167,"column":3}},"line":127},"11":{"name":"(anonymous_11)","decl":{"start":{"line":152,"column":21},"end":{"line":152,"column":22}},"loc":{"start":{"line":152,"column":39},"end":{"line":161,"column":7}},"line":152},"12":{"name":"(anonymous_12)","decl":{"start":{"line":154,"column":10},"end":{"line":154,"column":11}},"loc":{"start":{"line":154,"column":23},"end":{"line":154,"column":52}},"line":154},"13":{"name":"(anonymous_13)","decl":{"start":{"line":184,"column":22},"end":{"line":184,"column":23}},"loc":{"start":{"line":184,"column":29},"end":{"line":184,"column":59}},"line":184},"14":{"name":"(anonymous_14)","decl":{"start":{"line":186,"column":26},"end":{"line":186,"column":27}},"loc":{"start":{"line":187,"column":14},"end":{"line":189,"column":23}},"line":187},"15":{"name":"(anonymous_15)","decl":{"start":{"line":201,"column":22},"end":{"line":201,"column":23}},"loc":{"start":{"line":201,"column":29},"end":{"line":201,"column":64}},"line":201},"16":{"name":"(anonymous_16)","decl":{"start":{"line":206,"column":63},"end":{"line":206,"column":64}},"loc":{"start":{"line":206,"column":70},"end":{"line":206,"column":93}},"line":206}},"branchMap":{"0":{"loc":{"start":{"line":21,"column":4},"end":{"line":24,"column":5}},"type":"if","locations":[{"start":{"line":21,"column":4},"end":{"line":24,"column":5}},{"start":{},"end":{}}],"line":21},"1":{"loc":{"start":{"line":39,"column":2},"end":{"line":41,"column":3}},"type":"if","locations":[{"start":{"line":39,"column":2},"end":{"line":41,"column":3}},{"start":{},"end":{}}],"line":39},"2":{"loc":{"start":{"line":47,"column":9},"end":{"line":49,"column":29}},"type":"cond-expr","locations":[{"start":{"line":48,"column":12},"end":{"line":48,"column":64}},{"start":{"line":49,"column":12},"end":{"line":49,"column":29}}],"line":47},"3":{"loc":{"start":{"line":51,"column":35},"end":{"line":51,"column":62}},"type":"binary-expr","locations":[{"start":{"line":51,"column":35},"end":{"line":51,"column":46}},{"start":{"line":51,"column":50},"end":{"line":51,"column":62}}],"line":51},"4":{"loc":{"start":{"line":52,"column":11},"end":{"line":52,"column":54}},"type":"binary-expr","locations":[{"start":{"line":52,"column":11},"end":{"line":52,"column":33}},{"start":{"line":52,"column":37},"end":{"line":52,"column":54}}],"line":52},"5":{"loc":{"start":{"line":55,"column":37},"end":{"line":55,"column":98}},"type":"cond-expr","locations":[{"start":{"line":55,"column":79},"end":{"line":55,"column":85}},{"start":{"line":55,"column":88},"end":{"line":55,"column":98}}],"line":55},"6":{"loc":{"start":{"line":57,"column":11},"end":{"line":57,"column":78}},"type":"cond-expr","locations":[{"start":{"line":57,"column":53},"end":{"line":57,"column":62}},{"start":{"line":57,"column":65},"end":{"line":57,"column":78}}],"line":57},"7":{"loc":{"start":{"line":60,"column":11},"end":{"line":60,"column":52}},"type":"binary-expr","locations":[{"start":{"line":60,"column":11},"end":{"line":60,"column":31}},{"start":{"line":60,"column":35},"end":{"line":60,"column":52}}],"line":60},"8":{"loc":{"start":{"line":61,"column":19},"end":{"line":61,"column":47}},"type":"binary-expr","locations":[{"start":{"line":61,"column":19},"end":{"line":61,"column":42}},{"start":{"line":61,"column":46},"end":{"line":61,"column":47}}],"line":61},"9":{"loc":{"start":{"line":80,"column":37},"end":{"line":80,"column":61}},"type":"default-arg","locations":[{"start":{"line":80,"column":51},"end":{"line":80,"column":61}}],"line":80},"10":{"loc":{"start":{"line":80,"column":63},"end":{"line":80,"column":91}},"type":"default-arg","locations":[{"start":{"line":80,"column":71},"end":{"line":80,"column":91}}],"line":80},"11":{"loc":{"start":{"line":90,"column":12},"end":{"line":90,"column":37}},"type":"binary-expr","locations":[{"start":{"line":90,"column":12},"end":{"line":90,"column":23}},{"start":{"line":90,"column":27},"end":{"line":90,"column":37}}],"line":90},"12":{"loc":{"start":{"line":99,"column":8},"end":{"line":101,"column":9}},"type":"if","locations":[{"start":{"line":99,"column":8},"end":{"line":101,"column":9}},{"start":{},"end":{}}],"line":99},"13":{"loc":{"start":{"line":104,"column":8},"end":{"line":113,"column":9}},"type":"if","locations":[{"start":{"line":104,"column":8},"end":{"line":113,"column":9}},{"start":{},"end":{}}],"line":104},"14":{"loc":{"start":{"line":107,"column":12},"end":{"line":109,"column":13}},"type":"if","locations":[{"start":{"line":107,"column":12},"end":{"line":109,"column":13}},{"start":{},"end":{}}],"line":107},"15":{"loc":{"start":{"line":131,"column":4},"end":{"line":134,"column":5}},"type":"if","locations":[{"start":{"line":131,"column":4},"end":{"line":134,"column":5}},{"start":{},"end":{}}],"line":131},"16":{"loc":{"start":{"line":136,"column":4},"end":{"line":139,"column":5}},"type":"if","locations":[{"start":{"line":136,"column":4},"end":{"line":139,"column":5}},{"start":{},"end":{}}],"line":136},"17":{"loc":{"start":{"line":136,"column":8},"end":{"line":136,"column":34}},"type":"binary-expr","locations":[{"start":{"line":136,"column":8},"end":{"line":136,"column":17}},{"start":{"line":136,"column":21},"end":{"line":136,"column":34}}],"line":136},"18":{"loc":{"start":{"line":156,"column":8},"end":{"line":158,"column":9}},"type":"if","locations":[{"start":{"line":156,"column":8},"end":{"line":158,"column":9}},{"start":{},"end":{}}],"line":156},"19":{"loc":{"start":{"line":160,"column":15},"end":{"line":160,"column":47}},"type":"binary-expr","locations":[{"start":{"line":160,"column":15},"end":{"line":160,"column":41}},{"start":{"line":160,"column":45},"end":{"line":160,"column":47}}],"line":160},"20":{"loc":{"start":{"line":163,"column":15},"end":{"line":163,"column":79}},"type":"binary-expr","locations":[{"start":{"line":163,"column":15},"end":{"line":163,"column":49}},{"start":{"line":163,"column":53},"end":{"line":163,"column":79}}],"line":163},"21":{"loc":{"start":{"line":177,"column":7},"end":{"line":177,"column":55}},"type":"binary-expr","locations":[{"start":{"line":177,"column":7},"end":{"line":177,"column":12}},{"start":{"line":177,"column":16},"end":{"line":177,"column":55}}],"line":177},"22":{"loc":{"start":{"line":216,"column":20},"end":{"line":216,"column":57}},"type":"binary-expr","locations":[{"start":{"line":216,"column":20},"end":{"line":216,"column":32}},{"start":{"line":216,"column":36},"end":{"line":216,"column":57}}],"line":216},"23":{"loc":{"start":{"line":218,"column":11},"end":{"line":218,"column":91}},"type":"cond-expr","locations":[{"start":{"line":218,"column":26},"end":{"line":218,"column":37}},{"start":{"line":218,"column":40},"end":{"line":218,"column":91}}],"line":218},"24":{"loc":{"start":{"line":218,"column":40},"end":{"line":218,"column":91}},"type":"cond-expr","locations":[{"start":{"line":218,"column":58},"end":{"line":218,"column":71}},{"start":{"line":218,"column":74},"end":{"line":218,"column":91}}],"line":218}},"s":{"0":1,"1":8,"2":8,"3":8,"4":5,"5":1,"6":1,"7":4,"8":4,"9":4,"10":2,"11":1,"12":1,"13":4,"14":8,"15":1,"16":7,"17":1,"18":14,"19":14,"20":14,"21":14,"22":14,"23":14,"24":14,"25":14,"26":6,"27":14,"28":6,"29":6,"30":6,"31":6,"32":5,"33":0,"34":5,"35":5,"36":5,"37":3,"38":6,"39":3,"40":0,"41":3,"42":1,"43":1,"44":6,"45":6,"46":6,"47":14,"48":2,"49":2,"50":2,"51":0,"52":0,"53":2,"54":1,"55":1,"56":1,"57":1,"58":1,"59":0,"60":0,"61":0,"62":0,"63":0,"64":0,"65":0,"66":0,"67":0,"68":1,"69":1,"70":14,"71":0,"72":14,"73":1,"74":0},"f":{"0":8,"1":5,"2":4,"3":14,"4":6,"5":6,"6":6,"7":3,"8":6,"9":6,"10":2,"11":0,"12":0,"13":0,"14":14,"15":1,"16":0},"b":{"0":[1,4],"1":[1,7],"2":[7,0],"3":[7,4],"4":[7,0],"5":[5,2],"6":[5,2],"7":[7,0],"8":[7,0],"9":[10],"10":[10],"11":[6,0],"12":[0,5],"13":[5,0],"14":[0,3],"15":[0,2],"16":[1,1],"17":[2,1],"18":[0,0],"19":[0,0],"20":[1,0],"21":[14,3],"22":[14,13],"23":[1,13],"24":[2,11]},"_coverageSchema":"1a1c01bbd47fc00a2c39e90264f33305004495a9","hash":"f8ad8d5e660703e0e1e4556ee024e6deb587dc6f"}
,"/home/medal/Shop_Manager/frontend/src/components/transactionsList.jsx": {"path":"/home/medal/Shop_Manager/frontend/src/components/transactionsList.jsx","statementMap":{"0":{"start":{"line":16,"column":25},"end":{"line":48,"column":1}},"1":{"start":{"line":17,"column":16},"end":{"line":17,"column":31}},"2":{"start":{"line":20,"column":2},"end":{"line":22,"column":3}},"3":{"start":{"line":21,"column":4},"end":{"line":21,"column":69}},"4":{"start":{"line":24,"column":2},"end":{"line":47,"column":4}},"5":{"start":{"line":42,"column":12},"end":{"line":42,"column":78}}},"fnMap":{"0":{"name":"(anonymous_0)","decl":{"start":{"line":16,"column":25},"end":{"line":16,"column":26}},"loc":{"start":{"line":16,"column":47},"end":{"line":48,"column":1}},"line":16},"1":{"name":"(anonymous_1)","decl":{"start":{"line":41,"column":28},"end":{"line":41,"column":29}},"loc":{"start":{"line":42,"column":12},"end":{"line":42,"column":78}},"line":42}},"branchMap":{"0":{"loc":{"start":{"line":20,"column":2},"end":{"line":22,"column":3}},"type":"if","locations":[{"start":{"line":20,"column":2},"end":{"line":22,"column":3}},{"start":{},"end":{}}],"line":20},"1":{"loc":{"start":{"line":20,"column":6},"end":{"line":20,"column":48}},"type":"binary-expr","locations":[{"start":{"line":20,"column":6},"end":{"line":20,"column":19}},{"start":{"line":20,"column":23},"end":{"line":20,"column":48}}],"line":20}},"s":{"0":1,"1":5,"2":5,"3":4,"4":1,"5":1},"f":{"0":5,"1":1},"b":{"0":[4,1],"1":[5,5]},"_coverageSchema":"1a1c01bbd47fc00a2c39e90264f33305004495a9","hash":"3c091bae64207433893ae6fc1c1466b819f1cc3f"}
,"/home/medal/Shop_Manager/frontend/src/context/UiSettingsContext.jsx": {"path":"/home/medal/Shop_Manager/frontend/src/context/UiSettingsContext.jsx","statementMap":{"0":{"start":{"line":19,"column":21},"end":{"line":191,"column":1}},"1":{"start":{"line":193,"column":26},"end":{"line":193,"column":51}},"2":{"start":{"line":201,"column":23},"end":{"line":204,"column":1}},"3":{"start":{"line":202,"column":16},"end":{"line":202,"column":48}},"4":{"start":{"line":203,"column":2},"end":{"line":203,"column":27}},"5":{"start":{"line":214,"column":34},"end":{"line":245,"column":1}},"6":{"start":{"line":215,"column":34},"end":{"line":215,"column":97}},"7":{"start":{"line":215,"column":55},"end":{"line":215,"column":96}},"8":{"start":{"line":216,"column":28},"end":{"line":216,"column":90}},"9":{"start":{"line":216,"column":49},"end":{"line":216,"column":89}},"10":{"start":{"line":219,"column":2},"end":{"line":223,"column":17}},"11":{"start":{"line":220,"column":4},"end":{"line":220,"column":45}},"12":{"start":{"line":221,"column":4},"end":{"line":221,"column":69}},"13":{"start":{"line":222,"column":4},"end":{"line":222,"column":63}},"14":{"start":{"line":226,"column":2},"end":{"line":229,"column":14}},"15":{"start":{"line":227,"column":4},"end":{"line":227,"column":51}},"16":{"start":{"line":228,"column":4},"end":{"line":228,"column":57}},"17":{"start":{"line":232,"column":16},"end":{"line":242,"column":3}},"18":{"start":{"line":233,"column":11},"end":{"line":240,"column":5}},"19":{"start":{"line":236,"column":28},"end":{"line":236,"column":86}},"20":{"start":{"line":236,"column":54},"end":{"line":236,"column":84}},"21":{"start":{"line":237,"column":25},"end":{"line":237,"column":88}},"22":{"start":{"line":237,"column":48},"end":{"line":237,"column":86}},"23":{"start":{"line":238,"column":18},"end":{"line":238,"column":52}},"24":{"start":{"line":244,"column":2},"end":{"line":244,"column":91}},"25":{"start":{"line":252,"column":29},"end":{"line":260,"column":1}},"26":{"start":{"line":253,"column":18},"end":{"line":253,"column":53}},"27":{"start":{"line":255,"column":2},"end":{"line":257,"column":3}},"28":{"start":{"line":256,"column":4},"end":{"line":256,"column":76}},"29":{"start":{"line":259,"column":2},"end":{"line":259,"column":17}}},"fnMap":{"0":{"name":"(anonymous_0)","decl":{"start":{"line":201,"column":23},"end":{"line":201,"column":24}},"loc":{"start":{"line":201,"column":42},"end":{"line":204,"column":1}},"line":201},"1":{"name":"(anonymous_1)","decl":{"start":{"line":214,"column":34},"end":{"line":214,"column":35}},"loc":{"start":{"line":214,"column":52},"end":{"line":245,"column":1}},"line":214},"2":{"name":"(anonymous_2)","decl":{"start":{"line":215,"column":49},"end":{"line":215,"column":50}},"loc":{"start":{"line":215,"column":55},"end":{"line":215,"column":96}},"line":215},"3":{"name":"(anonymous_3)","decl":{"start":{"line":216,"column":43},"end":{"line":216,"column":44}},"loc":{"start":{"line":216,"column":49},"end":{"line":216,"column":89}},"line":216},"4":{"name":"(anonymous_4)","decl":{"start":{"line":219,"column":18},"end":{"line":219,"column":19}},"loc":{"start":{"line":219,"column":24},"end":{"line":223,"column":3}},"line":219},"5":{"name":"(anonymous_5)","decl":{"start":{"line":226,"column":18},"end":{"line":226,"column":19}},"loc":{"start":{"line":226,"column":24},"end":{"line":229,"column":3}},"line":226},"6":{"name":"(anonymous_6)","decl":{"start":{"line":233,"column":4},"end":{"line":233,"column":5}},"loc":{"start":{"line":233,"column":11},"end":{"line":240,"column":5}},"line":233},"7":{"name":"(anonymous_7)","decl":{"start":{"line":236,"column":22},"end":{"line":236,"column":23}},"loc":{"start":{"line":236,"column":28},"end":{"line":236,"column":86}},"line":236},"8":{"name":"(anonymous_8)","decl":{"start":{"line":236,"column":40},"end":{"line":236,"column":41}},"loc":{"start":{"line":236,"column":54},"end":{"line":236,"column":84}},"line":236},"9":{"name":"(anonymous_9)","decl":{"start":{"line":237,"column":19},"end":{"line":237,"column":20}},"loc":{"start":{"line":237,"column":25},"end":{"line":237,"column":88}},"line":237},"10":{"name":"(anonymous_10)","decl":{"start":{"line":237,"column":34},"end":{"line":237,"column":35}},"loc":{"start":{"line":237,"column":48},"end":{"line":237,"column":86}},"line":237},"11":{"name":"(anonymous_11)","decl":{"start":{"line":238,"column":9},"end":{"line":238,"column":10}},"loc":{"start":{"line":238,"column":18},"end":{"line":238,"column":52}},"line":238},"12":{"name":"(anonymous_12)","decl":{"start":{"line":252,"column":29},"end":{"line":252,"column":30}},"loc":{"start":{"line":252,"column":35},"end":{"line":260,"column":1}},"line":252}},"branchMap":{"0":{"loc":{"start":{"line":203,"column":9},"end":{"line":203,"column":26}},"type":"binary-expr","locations":[{"start":{"line":203,"column":9},"end":{"line":203,"column":14}},{"start":{"line":203,"column":18},"end":{"line":203,"column":26}}],"line":203},"1":{"loc":{"start":{"line":221,"column":35},"end":{"line":221,"column":68}},"type":"cond-expr","locations":[{"start":{"line":221,"column":55},"end":{"line":221,"column":60}},{"start":{"line":221,"column":63},"end":{"line":221,"column":68}}],"line":221},"2":{"loc":{"start":{"line":236,"column":54},"end":{"line":236,"column":84}},"type":"cond-expr","locations":[{"start":{"line":236,"column":73},"end":{"line":236,"column":77}},{"start":{"line":236,"column":80},"end":{"line":236,"column":84}}],"line":236},"3":{"loc":{"start":{"line":237,"column":48},"end":{"line":237,"column":86}},"type":"cond-expr","locations":[{"start":{"line":237,"column":70},"end":{"line":237,"column":76}},{"start":{"line":237,"column":79},"end":{"line":237,"column":86}}],"line":237},"4":{"loc":{"start":{"line":238,"column":18},"end":{"line":238,"column":52}},"type":"binary-expr","locations":[{"start":{"line":238,"column":18},"end":{"line":238,"column":45}},{"start":{"line":238,"column":49},"end":{"line":238,"column":52}}],"line":238},"5":{"loc":{"start":{"line":255,"column":2},"end":{"line":257,"column":3}},"type":"if","locations":[{"start":{"line":255,"column":2},"end":{"line":257,"column":3}},{"start":{},"end":{}}],"line":255}},"s":{"0":1,"1":1,"2":1,"3":100,"4":100,"5":1,"6":61,"7":50,"8":61,"9":50,"10":61,"11":56,"12":56,"13":56,"14":61,"15":55,"16":55,"17":61,"18":61,"19":6,"20":6,"21":5,"22":5,"23":547,"24":61,"25":1,"26":103,"27":102,"28":0,"29":102},"f":{"0":100,"1":61,"2":50,"3":50,"4":56,"5":55,"6":61,"7":6,"8":6,"9":5,"10":5,"11":547,"12":103},"b":{"0":[100,100],"1":[52,4],"2":[2,4],"3":[2,3],"4":[547,0],"5":[0,102]},"_coverageSchema":"1a1c01bbd47fc00a2c39e90264f33305004495a9","hash":"b7ff3b4e8359149546adea65cb42a6270643c973"}
,"/home/medal/Shop_Manager/frontend/src/screens/AdminScreen.jsx": {"path":"/home/medal/Shop_Manager/frontend/src/screens/AdminScreen.jsx","statementMap":{"0":{"start":{"line":26,"column":20},"end":{"line":404,"column":1}},"1":{"start":{"line":27,"column":23},"end":{"line":27,"column":38}},"2":{"start":{"line":30,"column":28},"end":{"line":30,"column":42}},"3":{"start":{"line":31,"column":42},"end":{"line":31,"column":57}},"4":{"start":{"line":34,"column":30},"end":{"line":34,"column":44}},"5":{"start":{"line":35,"column":44},"end":{"line":35,"column":59}},"6":{"start":{"line":38,"column":48},"end":{"line":38,"column":62}},"7":{"start":{"line":39,"column":50},"end":{"line":39,"column":65}},"8":{"start":{"line":42,"column":2},"end":{"line":48,"column":9}},"9":{"start":{"line":43,"column":28},"end":{"line":46,"column":5}},"10":{"start":{"line":44,"column":6},"end":{"line":44,"column":25}},"11":{"start":{"line":45,"column":6},"end":{"line":45,"column":26}},"12":{"start":{"line":47,"column":4},"end":{"line":47,"column":22}},"13":{"start":{"line":53,"column":21},"end":{"line":73,"column":3}},"14":{"start":{"line":54,"column":4},"end":{"line":54,"column":26}},"15":{"start":{"line":55,"column":4},"end":{"line":72,"column":5}},"16":{"start":{"line":56,"column":21},"end":{"line":56,"column":39}},"17":{"start":{"line":57,"column":6},"end":{"line":64,"column":7}},"18":{"start":{"line":58,"column":8},"end":{"line":58,"column":30}},"19":{"start":{"line":60,"column":8},"end":{"line":63,"column":11}},"20":{"start":{"line":66,"column":6},"end":{"line":69,"column":9}},"21":{"start":{"line":71,"column":6},"end":{"line":71,"column":29}},"22":{"start":{"line":78,"column":22},"end":{"line":98,"column":3}},"23":{"start":{"line":79,"column":4},"end":{"line":79,"column":27}},"24":{"start":{"line":80,"column":4},"end":{"line":97,"column":5}},"25":{"start":{"line":81,"column":21},"end":{"line":81,"column":43}},"26":{"start":{"line":82,"column":6},"end":{"line":89,"column":7}},"27":{"start":{"line":83,"column":8},"end":{"line":83,"column":31}},"28":{"start":{"line":85,"column":8},"end":{"line":88,"column":11}},"29":{"start":{"line":91,"column":6},"end":{"line":94,"column":9}},"30":{"start":{"line":96,"column":6},"end":{"line":96,"column":30}},"31":{"start":{"line":103,"column":30},"end":{"line":141,"column":3}},"32":{"start":{"line":104,"column":22},"end":{"line":106,"column":5}},"33":{"start":{"line":108,"column":4},"end":{"line":114,"column":5}},"34":{"start":{"line":109,"column":6},"end":{"line":112,"column":9}},"35":{"start":{"line":113,"column":6},"end":{"line":113,"column":13}},"36":{"start":{"line":116,"column":4},"end":{"line":116,"column":30}},"37":{"start":{"line":117,"column":4},"end":{"line":140,"column":5}},"38":{"start":{"line":118,"column":21},"end":{"line":118,"column":42}},"39":{"start":{"line":119,"column":6},"end":{"line":132,"column":7}},"40":{"start":{"line":120,"column":8},"end":{"line":123,"column":11}},"41":{"start":{"line":125,"column":8},"end":{"line":125,"column":27}},"42":{"start":{"line":126,"column":8},"end":{"line":126,"column":28}},"43":{"start":{"line":128,"column":8},"end":{"line":131,"column":11}},"44":{"start":{"line":134,"column":6},"end":{"line":137,"column":9}},"45":{"start":{"line":139,"column":6},"end":{"line":139,"column":33}},"46":{"start":{"line":146,"column":24},"end":{"line":188,"column":3}},"47":{"start":{"line":147,"column":22},"end":{"line":149,"column":5}},"48":{"start":{"line":151,"column":4},"end":{"line":157,"column":5}},"49":{"start":{"line":152,"column":6},"end":{"line":155,"column":9}},"50":{"start":{"line":156,"column":6},"end":{"line":156,"column":13}},"51":{"start":{"line":159,"column":4},"end":{"line":159,"column":30}},"52":{"start":{"line":160,"column":4},"end":{"line":187,"column":5}},"53":{"start":{"line":161,"column":21},"end":{"line":161,"column":56}},"54":{"start":{"line":162,"column":6},"end":{"line":179,"column":7}},"55":{"start":{"line":163,"column":24},"end":{"line":163,"column":53}},"56":{"start":{"line":164,"column":8},"end":{"line":170,"column":11}},"57":{"start":{"line":172,"column":8},"end":{"line":172,"column":27}},"58":{"start":{"line":173,"column":8},"end":{"line":173,"column":28}},"59":{"start":{"line":175,"column":8},"end":{"line":178,"column":11}},"60":{"start":{"line":181,"column":6},"end":{"line":184,"column":9}},"61":{"start":{"line":186,"column":6},"end":{"line":186,"column":33}},"62":{"start":{"line":193,"column":24},"end":{"line":200,"column":3}},"63":{"start":{"line":194,"column":4},"end":{"line":194,"column":23}},"64":{"start":{"line":195,"column":4},"end":{"line":195,"column":24}},"65":{"start":{"line":196,"column":4},"end":{"line":199,"column":7}},"66":{"start":{"line":202,"column":2},"end":{"line":403,"column":4}},"67":{"start":{"line":218,"column":31},"end":{"line":218,"column":55}},"68":{"start":{"line":314,"column":26},"end":{"line":314,"column":50}}},"fnMap":{"0":{"name":"(anonymous_0)","decl":{"start":{"line":26,"column":20},"end":{"line":26,"column":21}},"loc":{"start":{"line":26,"column":26},"end":{"line":404,"column":1}},"line":26},"1":{"name":"(anonymous_1)","decl":{"start":{"line":42,"column":12},"end":{"line":42,"column":13}},"loc":{"start":{"line":42,"column":18},"end":{"line":48,"column":3}},"line":42},"2":{"name":"(anonymous_2)","decl":{"start":{"line":43,"column":28},"end":{"line":43,"column":29}},"loc":{"start":{"line":43,"column":40},"end":{"line":46,"column":5}},"line":43},"3":{"name":"(anonymous_3)","decl":{"start":{"line":53,"column":21},"end":{"line":53,"column":22}},"loc":{"start":{"line":53,"column":33},"end":{"line":73,"column":3}},"line":53},"4":{"name":"(anonymous_4)","decl":{"start":{"line":78,"column":22},"end":{"line":78,"column":23}},"loc":{"start":{"line":78,"column":34},"end":{"line":98,"column":3}},"line":78},"5":{"name":"(anonymous_5)","decl":{"start":{"line":103,"column":30},"end":{"line":103,"column":31}},"loc":{"start":{"line":103,"column":42},"end":{"line":141,"column":3}},"line":103},"6":{"name":"(anonymous_6)","decl":{"start":{"line":146,"column":24},"end":{"line":146,"column":25}},"loc":{"start":{"line":146,"column":36},"end":{"line":188,"column":3}},"line":146},"7":{"name":"(anonymous_7)","decl":{"start":{"line":193,"column":24},"end":{"line":193,"column":25}},"loc":{"start":{"line":193,"column":36},"end":{"line":200,"column":3}},"line":193},"8":{"name":"(anonymous_8)","decl":{"start":{"line":218,"column":25},"end":{"line":218,"column":26}},"loc":{"start":{"line":218,"column":31},"end":{"line":218,"column":55}},"line":218},"9":{"name":"(anonymous_9)","decl":{"start":{"line":313,"column":52},"end":{"line":313,"column":53}},"loc":{"start":{"line":314,"column":26},"end":{"line":314,"column":50}},"line":314}},"branchMap":{"0":{"loc":{"start":{"line":57,"column":6},"end":{"line":64,"column":7}},"type":"if","locations":[{"start":{"line":57,"column":6},"end":{"line":64,"column":7}},{"start":{"line":59,"column":13},"end":{"line":64,"column":7}}],"line":57},"1":{"loc":{"start":{"line":82,"column":6},"end":{"line":89,"column":7}},"type":"if","locations":[{"start":{"line":82,"column":6},"end":{"line":89,"column":7}},{"start":{"line":84,"column":13},"end":{"line":89,"column":7}}],"line":82},"2":{"loc":{"start":{"line":108,"column":4},"end":{"line":114,"column":5}},"type":"if","locations":[{"start":{"line":108,"column":4},"end":{"line":114,"column":5}},{"start":{},"end":{}}],"line":108},"3":{"loc":{"start":{"line":119,"column":6},"end":{"line":132,"column":7}},"type":"if","locations":[{"start":{"line":119,"column":6},"end":{"line":132,"column":7}},{"start":{"line":127,"column":13},"end":{"line":132,"column":7}}],"line":119},"4":{"loc":{"start":{"line":151,"column":4},"end":{"line":157,"column":5}},"type":"if","locations":[{"start":{"line":151,"column":4},"end":{"line":157,"column":5}},{"start":{},"end":{}}],"line":151},"5":{"loc":{"start":{"line":162,"column":6},"end":{"line":179,"column":7}},"type":"if","locations":[{"start":{"line":162,"column":6},"end":{"line":179,"column":7}},{"start":{"line":174,"column":13},"end":{"line":179,"column":7}}],"line":162},"6":{"loc":{"start":{"line":163,"column":24},"end":{"line":163,"column":53}},"type":"binary-expr","locations":[{"start":{"line":163,"column":24},"end":{"line":163,"column":48}},{"start":{"line":163,"column":52},"end":{"line":163,"column":53}}],"line":163},"7":{"loc":{"start":{"line":167,"column":12},"end":{"line":169,"column":82}},"type":"cond-expr","locations":[{"start":{"line":168,"column":16},"end":{"line":168,"column":70}},{"start":{"line":169,"column":16},"end":{"line":169,"column":82}}],"line":167},"8":{"loc":{"start":{"line":207,"column":15},"end":{"line":207,"column":42}},"type":"binary-expr","locations":[{"start":{"line":207,"column":15},"end":{"line":207,"column":25}},{"start":{"line":207,"column":29},"end":{"line":207,"column":42}}],"line":207},"9":{"loc":{"start":{"line":212,"column":9},"end":{"line":225,"column":9}},"type":"binary-expr","locations":[{"start":{"line":212,"column":9},"end":{"line":212,"column":24}},{"start":{"line":213,"column":10},"end":{"line":224,"column":16}}],"line":212},"10":{"loc":{"start":{"line":238,"column":28},"end":{"line":238,"column":77}},"type":"binary-expr","locations":[{"start":{"line":238,"column":28},"end":{"line":238,"column":40}},{"start":{"line":238,"column":44},"end":{"line":238,"column":57}},{"start":{"line":238,"column":61},"end":{"line":238,"column":77}}],"line":238},"11":{"loc":{"start":{"line":245,"column":15},"end":{"line":271,"column":15}},"type":"cond-expr","locations":[{"start":{"line":246,"column":16},"end":{"line":246,"column":74}},{"start":{"line":247,"column":18},"end":{"line":271,"column":15}}],"line":245},"12":{"loc":{"start":{"line":247,"column":18},"end":{"line":271,"column":15}},"type":"cond-expr","locations":[{"start":{"line":248,"column":16},"end":{"line":268,"column":22}},{"start":{"line":270,"column":16},"end":{"line":270,"column":76}}],"line":247},"13":{"loc":{"start":{"line":251,"column":56},"end":{"line":251,"column":75}},"type":"binary-expr","locations":[{"start":{"line":251,"column":56},"end":{"line":251,"column":70}},{"start":{"line":251,"column":74},"end":{"line":251,"column":75}}],"line":251},"14":{"loc":{"start":{"line":255,"column":56},"end":{"line":255,"column":79}},"type":"binary-expr","locations":[{"start":{"line":255,"column":56},"end":{"line":255,"column":74}},{"start":{"line":255,"column":78},"end":{"line":255,"column":79}}],"line":255},"15":{"loc":{"start":{"line":260,"column":23},"end":{"line":260,"column":54}},"type":"binary-expr","locations":[{"start":{"line":260,"column":23},"end":{"line":260,"column":49}},{"start":{"line":260,"column":53},"end":{"line":260,"column":54}}],"line":260},"16":{"loc":{"start":{"line":263,"column":19},"end":{"line":267,"column":19}},"type":"binary-expr","locations":[{"start":{"line":263,"column":19},"end":{"line":263,"column":34}},{"start":{"line":264,"column":20},"end":{"line":266,"column":26}}],"line":263},"17":{"loc":{"start":{"line":280,"column":15},"end":{"line":322,"column":15}},"type":"cond-expr","locations":[{"start":{"line":281,"column":16},"end":{"line":281,"column":71}},{"start":{"line":282,"column":18},"end":{"line":322,"column":15}}],"line":280},"18":{"loc":{"start":{"line":282,"column":18},"end":{"line":322,"column":15}},"type":"cond-expr","locations":[{"start":{"line":283,"column":16},"end":{"line":319,"column":22}},{"start":{"line":321,"column":16},"end":{"line":321,"column":78}}],"line":282},"19":{"loc":{"start":{"line":290,"column":19},"end":{"line":307,"column":19}},"type":"binary-expr","locations":[{"start":{"line":290,"column":19},"end":{"line":290,"column":32}},{"start":{"line":291,"column":20},"end":{"line":306,"column":26}}],"line":290},"20":{"loc":{"start":{"line":309,"column":19},"end":{"line":318,"column":19}},"type":"binary-expr","locations":[{"start":{"line":309,"column":19},"end":{"line":309,"column":41}},{"start":{"line":309,"column":45},"end":{"line":309,"column":78}},{"start":{"line":310,"column":20},"end":{"line":317,"column":26}}],"line":309},"21":{"loc":{"start":{"line":347,"column":21},"end":{"line":347,"column":80}},"type":"cond-expr","locations":[{"start":{"line":347,"column":40},"end":{"line":347,"column":57}},{"start":{"line":347,"column":60},"end":{"line":347,"column":80}}],"line":347},"22":{"loc":{"start":{"line":365,"column":21},"end":{"line":365,"column":72}},"type":"cond-expr","locations":[{"start":{"line":365,"column":40},"end":{"line":365,"column":57}},{"start":{"line":365,"column":60},"end":{"line":365,"column":72}}],"line":365}},"s":{"0":1,"1":20,"2":19,"3":19,"4":19,"5":19,"6":19,"7":19,"8":19,"9":7,"10":7,"11":7,"12":7,"13":19,"14":9,"15":9,"16":9,"17":9,"18":7,"19":2,"20":0,"21":9,"22":19,"23":9,"24":9,"25":9,"26":9,"27":9,"28":0,"29":0,"30":9,"31":19,"32":2,"33":2,"34":1,"35":1,"36":1,"37":1,"38":1,"39":1,"40":1,"41":1,"42":1,"43":0,"44":0,"45":1,"46":19,"47":1,"48":1,"49":0,"50":0,"51":1,"52":1,"53":1,"54":1,"55":1,"56":1,"57":1,"58":1,"59":0,"60":0,"61":1,"62":19,"63":0,"64":0,"65":0,"66":19,"67":0,"68":0},"f":{"0":20,"1":7,"2":7,"3":9,"4":9,"5":2,"6":1,"7":0,"8":0,"9":0},"b":{"0":[7,2],"1":[9,0],"2":[1,1],"3":[1,0],"4":[0,1],"5":[1,0],"6":[1,0],"7":[0,1],"8":[19,0],"9":[19,3],"10":[19,9,9],"11":[10,9],"12":[0,9],"13":[0,0],"14":[0,0],"15":[0,0],"16":[0,0],"17":[0,19],"18":[2,17],"19":[2,2],"20":[2,0,0],"21":[2,17],"22":[2,17]},"_coverageSchema":"1a1c01bbd47fc00a2c39e90264f33305004495a9","hash":"2042e1d50e48dd1dd895317fb901dcfe79439816"}
,"/home/medal/Shop_Manager/frontend/src/screens/HomeScreen.jsx": {"path":"/home/medal/Shop_Manager/frontend/src/screens/HomeScreen.jsx","statementMap":{"0":{"start":{"line":22,"column":19},"end":{"line":184,"column":1}},"1":{"start":{"line":23,"column":19},"end":{"line":23,"column":32}},"2":{"start":{"line":24,"column":16},"end":{"line":24,"column":31}},"3":{"start":{"line":25,"column":34},"end":{"line":25,"column":52}},"4":{"start":{"line":26,"column":42},"end":{"line":26,"column":60}},"5":{"start":{"line":29,"column":2},"end":{"line":45,"column":9}},"6":{"start":{"line":30,"column":26},"end":{"line":42,"column":5}},"7":{"start":{"line":31,"column":6},"end":{"line":41,"column":7}},"8":{"start":{"line":32,"column":47},"end":{"line":35,"column":10}},"9":{"start":{"line":37,"column":8},"end":{"line":37,"column":33}},"10":{"start":{"line":38,"column":8},"end":{"line":38,"column":41}},"11":{"start":{"line":40,"column":8},"end":{"line":40,"column":64}},"12":{"start":{"line":44,"column":4},"end":{"line":44,"column":20}},"13":{"start":{"line":48,"column":21},"end":{"line":48,"column":91}},"14":{"start":{"line":48,"column":55},"end":{"line":48,"column":87}},"15":{"start":{"line":49,"column":27},"end":{"line":49,"column":83}},"16":{"start":{"line":49,"column":56},"end":{"line":49,"column":82}},"17":{"start":{"line":50,"column":24},"end":{"line":50,"column":47}},"18":{"start":{"line":51,"column":29},"end":{"line":51,"column":61}},"19":{"start":{"line":53,"column":2},"end":{"line":183,"column":4}},"20":{"start":{"line":66,"column":27},"end":{"line":66,"column":91}},"21":{"start":{"line":74,"column":27},"end":{"line":74,"column":87}},"22":{"start":{"line":108,"column":16},"end":{"line":110,"column":23}},"23":{"start":{"line":130,"column":29},"end":{"line":130,"column":50}},"24":{"start":{"line":137,"column":14},"end":{"line":147,"column":20}},"25":{"start":{"line":162,"column":29},"end":{"line":162,"column":54}},"26":{"start":{"line":169,"column":14},"end":{"line":177,"column":20}}},"fnMap":{"0":{"name":"(anonymous_0)","decl":{"start":{"line":22,"column":19},"end":{"line":22,"column":20}},"loc":{"start":{"line":22,"column":25},"end":{"line":184,"column":1}},"line":22},"1":{"name":"(anonymous_1)","decl":{"start":{"line":29,"column":18},"end":{"line":29,"column":19}},"loc":{"start":{"line":29,"column":24},"end":{"line":45,"column":3}},"line":29},"2":{"name":"(anonymous_2)","decl":{"start":{"line":30,"column":26},"end":{"line":30,"column":27}},"loc":{"start":{"line":30,"column":38},"end":{"line":42,"column":5}},"line":30},"3":{"name":"(anonymous_3)","decl":{"start":{"line":48,"column":37},"end":{"line":48,"column":38}},"loc":{"start":{"line":48,"column":55},"end":{"line":48,"column":87}},"line":48},"4":{"name":"(anonymous_4)","decl":{"start":{"line":49,"column":43},"end":{"line":49,"column":44}},"loc":{"start":{"line":49,"column":56},"end":{"line":49,"column":82}},"line":49},"5":{"name":"(anonymous_5)","decl":{"start":{"line":66,"column":21},"end":{"line":66,"column":22}},"loc":{"start":{"line":66,"column":27},"end":{"line":66,"column":91}},"line":66},"6":{"name":"(anonymous_6)","decl":{"start":{"line":74,"column":21},"end":{"line":74,"column":22}},"loc":{"start":{"line":74,"column":27},"end":{"line":74,"column":87}},"line":74},"7":{"name":"(anonymous_7)","decl":{"start":{"line":107,"column":35},"end":{"line":107,"column":36}},"loc":{"start":{"line":108,"column":16},"end":{"line":110,"column":23}},"line":108},"8":{"name":"(anonymous_8)","decl":{"start":{"line":130,"column":23},"end":{"line":130,"column":24}},"loc":{"start":{"line":130,"column":29},"end":{"line":130,"column":50}},"line":130},"9":{"name":"(anonymous_9)","decl":{"start":{"line":136,"column":38},"end":{"line":136,"column":39}},"loc":{"start":{"line":137,"column":14},"end":{"line":147,"column":20}},"line":137},"10":{"name":"(anonymous_10)","decl":{"start":{"line":162,"column":23},"end":{"line":162,"column":24}},"loc":{"start":{"line":162,"column":29},"end":{"line":162,"column":54}},"line":162},"11":{"name":"(anonymous_11)","decl":{"start":{"line":168,"column":36},"end":{"line":168,"column":37}},"loc":{"start":{"line":169,"column":14},"end":{"line":177,"column":20}},"line":169}},"branchMap":{"0":{"loc":{"start":{"line":48,"column":68},"end":{"line":48,"column":86}},"type":"binary-expr","locations":[{"start":{"line":48,"column":68},"end":{"line":48,"column":81}},{"start":{"line":48,"column":85},"end":{"line":48,"column":86}}],"line":48},"1":{"loc":{"start":{"line":106,"column":13},"end":{"line":114,"column":13}},"type":"cond-expr","locations":[{"start":{"line":107,"column":14},"end":{"line":111,"column":16}},{"start":{"line":113,"column":14},"end":{"line":113,"column":74}}],"line":106},"2":{"loc":{"start":{"line":144,"column":49},"end":{"line":144,"column":95}},"type":"cond-expr","locations":[{"start":{"line":144,"column":78},"end":{"line":144,"column":83}},{"start":{"line":144,"column":86},"end":{"line":144,"column":95}}],"line":144},"3":{"loc":{"start":{"line":172,"column":21},"end":{"line":172,"column":88}},"type":"cond-expr","locations":[{"start":{"line":172,"column":63},"end":{"line":172,"column":72}},{"start":{"line":172,"column":75},"end":{"line":172,"column":88}}],"line":172}},"s":{"0":1,"1":4,"2":3,"3":3,"4":3,"5":3,"6":3,"7":3,"8":3,"9":2,"10":2,"11":1,"12":3,"13":3,"14":0,"15":3,"16":0,"17":3,"18":3,"19":3,"20":0,"21":0,"22":0,"23":0,"24":0,"25":0,"26":0},"f":{"0":4,"1":3,"2":3,"3":0,"4":0,"5":0,"6":0,"7":0,"8":0,"9":0,"10":0,"11":0},"b":{"0":[0,0],"1":[0,3],"2":[0,0],"3":[0,0]},"_coverageSchema":"1a1c01bbd47fc00a2c39e90264f33305004495a9","hash":"28aebe96c3a4eff9cb71be6c35b7ca61d6a57fc7"}
,"/home/medal/Shop_Manager/frontend/src/screens/ProductScreen.jsx": {"path":"/home/medal/Shop_Manager/frontend/src/screens/ProductScreen.jsx","statementMap":{"0":{"start":{"line":30,"column":22},"end":{"line":223,"column":1}},"1":{"start":{"line":31,"column":17},"end":{"line":31,"column":28}},"2":{"start":{"line":32,"column":19},"end":{"line":32,"column":32}},"3":{"start":{"line":33,"column":19},"end":{"line":33,"column":32}},"4":{"start":{"line":34,"column":16},"end":{"line":34,"column":31}},"5":{"start":{"line":37,"column":22},"end":{"line":37,"column":38}},"6":{"start":{"line":40,"column":34},"end":{"line":43,"column":4}},"7":{"start":{"line":46,"column":26},"end":{"line":46,"column":38}},"8":{"start":{"line":47,"column":34},"end":{"line":47,"column":46}},"9":{"start":{"line":48,"column":36},"end":{"line":48,"column":48}},"10":{"start":{"line":49,"column":28},"end":{"line":49,"column":40}},"11":{"start":{"line":50,"column":28},"end":{"line":50,"column":42}},"12":{"start":{"line":51,"column":21},"end":{"line":51,"column":54}},"13":{"start":{"line":54,"column":32},"end":{"line":58,"column":4}},"14":{"start":{"line":54,"column":64},"end":{"line":54,"column":82}},"15":{"start":{"line":61,"column":2},"end":{"line":68,"column":20}},"16":{"start":{"line":62,"column":4},"end":{"line":67,"column":5}},"17":{"start":{"line":63,"column":6},"end":{"line":63,"column":32}},"18":{"start":{"line":64,"column":6},"end":{"line":64,"column":41}},"19":{"start":{"line":65,"column":6},"end":{"line":65,"column":43}},"20":{"start":{"line":66,"column":6},"end":{"line":66,"column":34}},"21":{"start":{"line":71,"column":23},"end":{"line":84,"column":3}},"22":{"start":{"line":72,"column":4},"end":{"line":74,"column":5}},"23":{"start":{"line":73,"column":6},"end":{"line":73,"column":13}},"24":{"start":{"line":76,"column":4},"end":{"line":83,"column":5}},"25":{"start":{"line":77,"column":6},"end":{"line":77,"column":30}},"26":{"start":{"line":79,"column":6},"end":{"line":79,"column":48}},"27":{"start":{"line":81,"column":6},"end":{"line":81,"column":54}},"28":{"start":{"line":82,"column":6},"end":{"line":82,"column":72}},"29":{"start":{"line":87,"column":21},"end":{"line":93,"column":3}},"30":{"start":{"line":88,"column":4},"end":{"line":90,"column":5}},"31":{"start":{"line":89,"column":6},"end":{"line":89,"column":13}},"32":{"start":{"line":92,"column":4},"end":{"line":92,"column":45}},"33":{"start":{"line":96,"column":27},"end":{"line":103,"column":3}},"34":{"start":{"line":97,"column":4},"end":{"line":97,"column":19}},"35":{"start":{"line":98,"column":4},"end":{"line":98,"column":16}},"36":{"start":{"line":99,"column":4},"end":{"line":99,"column":20}},"37":{"start":{"line":100,"column":4},"end":{"line":100,"column":21}},"38":{"start":{"line":101,"column":4},"end":{"line":101,"column":17}},"39":{"start":{"line":102,"column":4},"end":{"line":102,"column":30}},"40":{"start":{"line":106,"column":23},"end":{"line":139,"column":3}},"41":{"start":{"line":107,"column":4},"end":{"line":107,"column":23}},"42":{"start":{"line":108,"column":4},"end":{"line":108,"column":19}},"43":{"start":{"line":110,"column":4},"end":{"line":113,"column":5}},"44":{"start":{"line":111,"column":6},"end":{"line":111,"column":44}},"45":{"start":{"line":112,"column":6},"end":{"line":112,"column":13}},"46":{"start":{"line":115,"column":24},"end":{"line":120,"column":5}},"47":{"start":{"line":122,"column":4},"end":{"line":138,"column":5}},"48":{"start":{"line":123,"column":6},"end":{"line":127,"column":7}},"49":{"start":{"line":124,"column":8},"end":{"line":124,"column":45}},"50":{"start":{"line":126,"column":8},"end":{"line":126,"column":41}},"51":{"start":{"line":129,"column":6},"end":{"line":129,"column":48}},"52":{"start":{"line":130,"column":6},"end":{"line":130,"column":18}},"53":{"start":{"line":131,"column":6},"end":{"line":131,"column":22}},"54":{"start":{"line":132,"column":6},"end":{"line":132,"column":23}},"55":{"start":{"line":133,"column":6},"end":{"line":133,"column":19}},"56":{"start":{"line":134,"column":6},"end":{"line":134,"column":28}},"57":{"start":{"line":136,"column":6},"end":{"line":136,"column":52}},"58":{"start":{"line":137,"column":6},"end":{"line":137,"column":70}},"59":{"start":{"line":142,"column":2},"end":{"line":158,"column":3}},"60":{"start":{"line":143,"column":4},"end":{"line":157,"column":6}},"61":{"start":{"line":160,"column":2},"end":{"line":222,"column":4}},"62":{"start":{"line":177,"column":31},"end":{"line":177,"column":54}},"63":{"start":{"line":187,"column":31},"end":{"line":187,"column":58}},"64":{"start":{"line":197,"column":31},"end":{"line":197,"column":59}},"65":{"start":{"line":207,"column":31},"end":{"line":207,"column":55}},"66":{"start":{"line":216,"column":77},"end":{"line":216,"column":98}}},"fnMap":{"0":{"name":"(anonymous_0)","decl":{"start":{"line":30,"column":22},"end":{"line":30,"column":23}},"loc":{"start":{"line":30,"column":28},"end":{"line":223,"column":1}},"line":30},"1":{"name":"(anonymous_1)","decl":{"start":{"line":54,"column":58},"end":{"line":54,"column":59}},"loc":{"start":{"line":54,"column":64},"end":{"line":54,"column":82}},"line":54},"2":{"name":"(anonymous_2)","decl":{"start":{"line":61,"column":12},"end":{"line":61,"column":13}},"loc":{"start":{"line":61,"column":18},"end":{"line":68,"column":3}},"line":61},"3":{"name":"(anonymous_3)","decl":{"start":{"line":71,"column":23},"end":{"line":71,"column":24}},"loc":{"start":{"line":71,"column":37},"end":{"line":84,"column":3}},"line":71},"4":{"name":"(anonymous_4)","decl":{"start":{"line":87,"column":21},"end":{"line":87,"column":22}},"loc":{"start":{"line":87,"column":34},"end":{"line":93,"column":3}},"line":87},"5":{"name":"(anonymous_5)","decl":{"start":{"line":96,"column":27},"end":{"line":96,"column":28}},"loc":{"start":{"line":96,"column":33},"end":{"line":103,"column":3}},"line":96},"6":{"name":"(anonymous_6)","decl":{"start":{"line":106,"column":23},"end":{"line":106,"column":24}},"loc":{"start":{"line":106,"column":36},"end":{"line":139,"column":3}},"line":106},"7":{"name":"(anonymous_7)","decl":{"start":{"line":177,"column":24},"end":{"line":177,"column":25}},"loc":{"start":{"line":177,"column":31},"end":{"line":177,"column":54}},"line":177},"8":{"name":"(anonymous_8)","decl":{"start":{"line":187,"column":24},"end":{"line":187,"column":25}},"loc":{"start":{"line":187,"column":31},"end":{"line":187,"column":58}},"line":187},"9":{"name":"(anonymous_9)","decl":{"start":{"line":197,"column":24},"end":{"line":197,"column":25}},"loc":{"start":{"line":197,"column":31},"end":{"line":197,"column":59}},"line":197},"10":{"name":"(anonymous_10)","decl":{"start":{"line":207,"column":24},"end":{"line":207,"column":25}},"loc":{"start":{"line":207,"column":31},"end":{"line":207,"column":55}},"line":207},"11":{"name":"(anonymous_11)","decl":{"start":{"line":216,"column":71},"end":{"line":216,"column":72}},"loc":{"start":{"line":216,"column":77},"end":{"line":216,"column":98}},"line":216}},"branchMap":{"0":{"loc":{"start":{"line":40,"column":16},"end":{"line":40,"column":29}},"type":"default-arg","locations":[{"start":{"line":40,"column":27},"end":{"line":40,"column":29}}],"line":40},"1":{"loc":{"start":{"line":62,"column":4},"end":{"line":67,"column":5}},"type":"if","locations":[{"start":{"line":62,"column":4},"end":{"line":67,"column":5}},{"start":{},"end":{}}],"line":62},"2":{"loc":{"start":{"line":72,"column":4},"end":{"line":74,"column":5}},"type":"if","locations":[{"start":{"line":72,"column":4},"end":{"line":74,"column":5}},{"start":{},"end":{}}],"line":72},"3":{"loc":{"start":{"line":82,"column":15},"end":{"line":82,"column":70}},"type":"binary-expr","locations":[{"start":{"line":82,"column":15},"end":{"line":82,"column":42}},{"start":{"line":82,"column":46},"end":{"line":82,"column":70}}],"line":82},"4":{"loc":{"start":{"line":88,"column":4},"end":{"line":90,"column":5}},"type":"if","locations":[{"start":{"line":88,"column":4},"end":{"line":90,"column":5}},{"start":{},"end":{}}],"line":88},"5":{"loc":{"start":{"line":110,"column":4},"end":{"line":113,"column":5}},"type":"if","locations":[{"start":{"line":110,"column":4},"end":{"line":113,"column":5}},{"start":{},"end":{}}],"line":110},"6":{"loc":{"start":{"line":110,"column":8},"end":{"line":110,"column":61}},"type":"binary-expr","locations":[{"start":{"line":110,"column":8},"end":{"line":110,"column":13}},{"start":{"line":110,"column":17},"end":{"line":110,"column":30}},{"start":{"line":110,"column":34},"end":{"line":110,"column":48}},{"start":{"line":110,"column":52},"end":{"line":110,"column":61}}],"line":110},"7":{"loc":{"start":{"line":123,"column":6},"end":{"line":127,"column":7}},"type":"if","locations":[{"start":{"line":123,"column":6},"end":{"line":127,"column":7}},{"start":{"line":125,"column":13},"end":{"line":127,"column":7}}],"line":123},"8":{"loc":{"start":{"line":137,"column":15},"end":{"line":137,"column":68}},"type":"binary-expr","locations":[{"start":{"line":137,"column":15},"end":{"line":137,"column":42}},{"start":{"line":137,"column":46},"end":{"line":137,"column":68}}],"line":137},"9":{"loc":{"start":{"line":142,"column":2},"end":{"line":158,"column":3}},"type":"if","locations":[{"start":{"line":142,"column":2},"end":{"line":158,"column":3}},{"start":{},"end":{}}],"line":142},"10":{"loc":{"start":{"line":154,"column":9},"end":{"line":154,"column":57}},"type":"binary-expr","locations":[{"start":{"line":154,"column":9},"end":{"line":154,"column":14}},{"start":{"line":154,"column":18},"end":{"line":154,"column":57}}],"line":154},"11":{"loc":{"start":{"line":165,"column":43},"end":{"line":165,"column":92}},"type":"cond-expr","locations":[{"start":{"line":165,"column":48},"end":{"line":165,"column":68}},{"start":{"line":165,"column":71},"end":{"line":165,"column":92}}],"line":165},"12":{"loc":{"start":{"line":166,"column":17},"end":{"line":166,"column":56}},"type":"cond-expr","locations":[{"start":{"line":166,"column":22},"end":{"line":166,"column":38}},{"start":{"line":166,"column":41},"end":{"line":166,"column":56}}],"line":166},"13":{"loc":{"start":{"line":169,"column":9},"end":{"line":169,"column":57}},"type":"binary-expr","locations":[{"start":{"line":169,"column":9},"end":{"line":169,"column":14}},{"start":{"line":169,"column":18},"end":{"line":169,"column":57}}],"line":169},"14":{"loc":{"start":{"line":214,"column":13},"end":{"line":214,"column":54}},"type":"cond-expr","locations":[{"start":{"line":214,"column":18},"end":{"line":214,"column":36}},{"start":{"line":214,"column":39},"end":{"line":214,"column":54}}],"line":214}},"s":{"0":1,"1":16,"2":15,"3":15,"4":15,"5":15,"6":15,"7":15,"8":15,"9":15,"10":15,"11":15,"12":15,"13":15,"14":0,"15":15,"16":8,"17":0,"18":0,"19":0,"20":0,"21":15,"22":0,"23":0,"24":0,"25":0,"26":0,"27":0,"28":0,"29":15,"30":0,"31":0,"32":0,"33":15,"34":0,"35":0,"36":0,"37":0,"38":0,"39":0,"40":15,"41":3,"42":3,"43":3,"44":3,"45":3,"46":0,"47":0,"48":0,"49":0,"50":0,"51":0,"52":0,"53":0,"54":0,"55":0,"56":0,"57":0,"58":0,"59":15,"60":5,"61":10,"62":0,"63":2,"64":0,"65":1,"66":0},"f":{"0":16,"1":0,"2":8,"3":0,"4":0,"5":0,"6":3,"7":0,"8":2,"9":0,"10":1,"11":0},"b":{"0":[15],"1":[0,8],"2":[0,0],"3":[0,0],"4":[0,0],"5":[3,0],"6":[3,0,0,0],"7":[0,0],"8":[0,0],"9":[5,10],"10":[5,0],"11":[0,10],"12":[0,10],"13":[10,3],"14":[0,10]},"_coverageSchema":"1a1c01bbd47fc00a2c39e90264f33305004495a9","hash":"b84b39c29c8c7758393b9ec9d38be11311d7f284"}
,"/home/medal/Shop_Manager/frontend/src/screens/TransactionScreen.jsx": {"path":"/home/medal/Shop_Manager/frontend/src/screens/TransactionScreen.jsx","statementMap":{"0":{"start":{"line":25,"column":26},"end":{"line":74,"column":1}},"1":{"start":{"line":26,"column":42},"end":{"line":26,"column":54}},"2":{"start":{"line":27,"column":19},"end":{"line":27,"column":32}},"3":{"start":{"line":28,"column":16},"end":{"line":28,"column":31}},"4":{"start":{"line":31,"column":2},"end":{"line":42,"column":9}},"5":{"start":{"line":32,"column":30},"end":{"line":39,"column":5}},"6":{"start":{"line":33,"column":6},"end":{"line":38,"column":7}},"7":{"start":{"line":34,"column":21},"end":{"line":34,"column":44}},"8":{"start":{"line":35,"column":8},"end":{"line":35,"column":30}},"9":{"start":{"line":37,"column":8},"end":{"line":37,"column":61}},"10":{"start":{"line":41,"column":4},"end":{"line":41,"column":24}},"11":{"start":{"line":45,"column":23},"end":{"line":54,"column":3}},"12":{"start":{"line":46,"column":4},"end":{"line":53,"column":5}},"13":{"start":{"line":47,"column":6},"end":{"line":47,"column":47}},"14":{"start":{"line":48,"column":34},"end":{"line":48,"column":57}},"15":{"start":{"line":49,"column":6},"end":{"line":49,"column":43}},"16":{"start":{"line":51,"column":6},"end":{"line":51,"column":58}},"17":{"start":{"line":52,"column":6},"end":{"line":52,"column":18}},"18":{"start":{"line":56,"column":2},"end":{"line":73,"column":4}}},"fnMap":{"0":{"name":"(anonymous_0)","decl":{"start":{"line":25,"column":26},"end":{"line":25,"column":27}},"loc":{"start":{"line":25,"column":32},"end":{"line":74,"column":1}},"line":25},"1":{"name":"(anonymous_1)","decl":{"start":{"line":31,"column":12},"end":{"line":31,"column":13}},"loc":{"start":{"line":31,"column":18},"end":{"line":42,"column":3}},"line":31},"2":{"name":"(anonymous_2)","decl":{"start":{"line":32,"column":30},"end":{"line":32,"column":31}},"loc":{"start":{"line":32,"column":42},"end":{"line":39,"column":5}},"line":32},"3":{"name":"(anonymous_3)","decl":{"start":{"line":45,"column":23},"end":{"line":45,"column":24}},"loc":{"start":{"line":45,"column":50},"end":{"line":54,"column":3}},"line":45}},"branchMap":{"0":{"loc":{"start":{"line":67,"column":21},"end":{"line":67,"column":61}},"type":"binary-expr","locations":[{"start":{"line":67,"column":21},"end":{"line":67,"column":47}},{"start":{"line":67,"column":51},"end":{"line":67,"column":61}}],"line":67}},"s":{"0":1,"1":3,"2":2,"3":2,"4":2,"5":2,"6":2,"7":2,"8":2,"9":0,"10":2,"11":2,"12":0,"13":0,"14":0,"15":0,"16":0,"17":0,"18":2},"f":{"0":3,"1":2,"2":2,"3":0},"b":{"0":[2,2]},"_coverageSchema":"1a1c01bbd47fc00a2c39e90264f33305004495a9","hash":"4c8ace5b62979cf13e5380f2da6ccadf19cdc95e"}
,"/home/medal/Shop_Manager/frontend/src/services/adminApi.js": {"path":"/home/medal/Shop_Manager/frontend/src/services/adminApi.js","statementMap":{"0":{"start":{"line":13,"column":17},"end":{"line":13,"column":50}},"1":{"start":{"line":16,"column":17},"end":{"line":21,"column":2}},"2":{"start":{"line":28,"column":29},"end":{"line":41,"column":1}},"3":{"start":{"line":29,"column":2},"end":{"line":40,"column":3}},"4":{"start":{"line":30,"column":21},"end":{"line":30,"column":50}},"5":{"start":{"line":31,"column":4},"end":{"line":34,"column":6}},"6":{"start":{"line":36,"column":4},"end":{"line":39,"column":6}},"7":{"start":{"line":47,"column":26},"end":{"line":60,"column":1}},"8":{"start":{"line":48,"column":2},"end":{"line":59,"column":3}},"9":{"start":{"line":49,"column":21},"end":{"line":49,"column":49}},"10":{"start":{"line":50,"column":4},"end":{"line":53,"column":6}},"11":{"start":{"line":55,"column":4},"end":{"line":58,"column":6}},"12":{"start":{"line":67,"column":43},"end":{"line":80,"column":1}},"13":{"start":{"line":68,"column":2},"end":{"line":79,"column":3}},"14":{"start":{"line":69,"column":21},"end":{"line":69,"column":52}},"15":{"start":{"line":70,"column":4},"end":{"line":73,"column":6}},"16":{"start":{"line":75,"column":4},"end":{"line":78,"column":6}},"17":{"start":{"line":87,"column":30},"end":{"line":100,"column":1}},"18":{"start":{"line":88,"column":2},"end":{"line":99,"column":3}},"19":{"start":{"line":89,"column":21},"end":{"line":89,"column":50}},"20":{"start":{"line":90,"column":4},"end":{"line":93,"column":6}},"21":{"start":{"line":95,"column":4},"end":{"line":98,"column":6}}},"fnMap":{"0":{"name":"(anonymous_0)","decl":{"start":{"line":28,"column":29},"end":{"line":28,"column":30}},"loc":{"start":{"line":28,"column":41},"end":{"line":41,"column":1}},"line":28},"1":{"name":"(anonymous_1)","decl":{"start":{"line":47,"column":26},"end":{"line":47,"column":27}},"loc":{"start":{"line":47,"column":38},"end":{"line":60,"column":1}},"line":47},"2":{"name":"(anonymous_2)","decl":{"start":{"line":67,"column":43},"end":{"line":67,"column":44}},"loc":{"start":{"line":67,"column":55},"end":{"line":80,"column":1}},"line":67},"3":{"name":"(anonymous_3)","decl":{"start":{"line":87,"column":30},"end":{"line":87,"column":31}},"loc":{"start":{"line":87,"column":42},"end":{"line":100,"column":1}},"line":87}},"branchMap":{"0":{"loc":{"start":{"line":38,"column":13},"end":{"line":38,"column":59}},"type":"binary-expr","locations":[{"start":{"line":38,"column":13},"end":{"line":38,"column":42}},{"start":{"line":38,"column":46},"end":{"line":38,"column":59}}],"line":38},"1":{"loc":{"start":{"line":57,"column":13},"end":{"line":57,"column":59}},"type":"binary-expr","locations":[{"start":{"line":57,"column":13},"end":{"line":57,"column":42}},{"start":{"line":57,"column":46},"end":{"line":57,"column":59}}],"line":57},"2":{"loc":{"start":{"line":77,"column":13},"end":{"line":77,"column":59}},"type":"binary-expr","locations":[{"start":{"line":77,"column":13},"end":{"line":77,"column":42}},{"start":{"line":77,"column":46},"end":{"line":77,"column":59}}],"line":77},"3":{"loc":{"start":{"line":97,"column":13},"end":{"line":97,"column":59}},"type":"binary-expr","locations":[{"start":{"line":97,"column":13},"end":{"line":97,"column":42}},{"start":{"line":97,"column":46},"end":{"line":97,"column":59}}],"line":97}},"s":{"0":0,"1":0,"2":0,"3":0,"4":0,"5":0,"6":0,"7":0,"8":0,"9":0,"10":0,"11":0,"12":0,"13":0,"14":0,"15":0,"16":0,"17":0,"18":0,"19":0,"20":0,"21":0},"f":{"0":0,"1":0,"2":0,"3":0},"b":{"0":[0,0],"1":[0,0],"2":[0,0],"3":[0,0]}}
,"/home/medal/Shop_Manager/frontend/src/services/api.js": {"path":"/home/medal/Shop_Manager/frontend/src/services/api.js","statementMap":{"0":{"start":{"line":17,"column":21},"end":{"line":17,"column":77}},"1":{"start":{"line":19,"column":12},"end":{"line":22,"column":2}},"2":{"start":{"line":31,"column":27},"end":{"line":39,"column":1}},"3":{"start":{"line":32,"column":2},"end":{"line":38,"column":3}},"4":{"start":{"line":33,"column":21},"end":{"line":33,"column":47}},"5":{"start":{"line":34,"column":4},"end":{"line":34,"column":25}},"6":{"start":{"line":36,"column":4},"end":{"line":36,"column":53}},"7":{"start":{"line":37,"column":4},"end":{"line":37,"column":16}},"8":{"start":{"line":46,"column":30},"end":{"line":54,"column":1}},"9":{"start":{"line":47,"column":2},"end":{"line":53,"column":3}},"10":{"start":{"line":48,"column":21},"end":{"line":48,"column":53}},"11":{"start":{"line":49,"column":4},"end":{"line":49,"column":25}},"12":{"start":{"line":51,"column":4},"end":{"line":51,"column":52}},"13":{"start":{"line":52,"column":4},"end":{"line":52,"column":16}},"14":{"start":{"line":61,"column":29},"end":{"line":69,"column":1}},"15":{"start":{"line":62,"column":2},"end":{"line":68,"column":3}},"16":{"start":{"line":63,"column":21},"end":{"line":63,"column":54}},"17":{"start":{"line":64,"column":4},"end":{"line":64,"column":25}},"18":{"start":{"line":66,"column":4},"end":{"line":66,"column":52}},"19":{"start":{"line":67,"column":4},"end":{"line":67,"column":16}},"20":{"start":{"line":77,"column":29},"end":{"line":85,"column":1}},"21":{"start":{"line":78,"column":2},"end":{"line":84,"column":3}},"22":{"start":{"line":79,"column":21},"end":{"line":79,"column":59}},"23":{"start":{"line":80,"column":4},"end":{"line":80,"column":25}},"24":{"start":{"line":82,"column":4},"end":{"line":82,"column":52}},"25":{"start":{"line":83,"column":4},"end":{"line":83,"column":16}},"26":{"start":{"line":92,"column":29},"end":{"line":100,"column":1}},"27":{"start":{"line":93,"column":2},"end":{"line":99,"column":3}},"28":{"start":{"line":94,"column":21},"end":{"line":94,"column":56}},"29":{"start":{"line":95,"column":4},"end":{"line":95,"column":25}},"30":{"start":{"line":97,"column":4},"end":{"line":97,"column":52}},"31":{"start":{"line":98,"column":4},"end":{"line":98,"column":16}},"32":{"start":{"line":107,"column":33},"end":{"line":115,"column":1}},"33":{"start":{"line":108,"column":2},"end":{"line":114,"column":3}},"34":{"start":{"line":109,"column":21},"end":{"line":109,"column":58}},"35":{"start":{"line":110,"column":4},"end":{"line":110,"column":25}},"36":{"start":{"line":112,"column":4},"end":{"line":112,"column":56}},"37":{"start":{"line":113,"column":4},"end":{"line":113,"column":16}},"38":{"start":{"line":121,"column":31},"end":{"line":129,"column":1}},"39":{"start":{"line":122,"column":2},"end":{"line":128,"column":3}},"40":{"start":{"line":123,"column":21},"end":{"line":123,"column":51}},"41":{"start":{"line":124,"column":4},"end":{"line":124,"column":25}},"42":{"start":{"line":126,"column":4},"end":{"line":126,"column":57}},"43":{"start":{"line":127,"column":4},"end":{"line":127,"column":16}},"44":{"start":{"line":136,"column":34},"end":{"line":144,"column":1}},"45":{"start":{"line":137,"column":2},"end":{"line":143,"column":3}},"46":{"start":{"line":138,"column":21},"end":{"line":138,"column":57}},"47":{"start":{"line":139,"column":4},"end":{"line":139,"column":25}},"48":{"start":{"line":141,"column":4},"end":{"line":141,"column":56}},"49":{"start":{"line":142,"column":4},"end":{"line":142,"column":16}}},"fnMap":{"0":{"name":"(anonymous_0)","decl":{"start":{"line":31,"column":27},"end":{"line":31,"column":28}},"loc":{"start":{"line":31,"column":39},"end":{"line":39,"column":1}},"line":31},"1":{"name":"(anonymous_1)","decl":{"start":{"line":46,"column":30},"end":{"line":46,"column":31}},"loc":{"start":{"line":46,"column":44},"end":{"line":54,"column":1}},"line":46},"2":{"name":"(anonymous_2)","decl":{"start":{"line":61,"column":29},"end":{"line":61,"column":30}},"loc":{"start":{"line":61,"column":45},"end":{"line":69,"column":1}},"line":61},"3":{"name":"(anonymous_3)","decl":{"start":{"line":77,"column":29},"end":{"line":77,"column":30}},"loc":{"start":{"line":77,"column":49},"end":{"line":85,"column":1}},"line":77},"4":{"name":"(anonymous_4)","decl":{"start":{"line":92,"column":29},"end":{"line":92,"column":30}},"loc":{"start":{"line":92,"column":43},"end":{"line":100,"column":1}},"line":92},"5":{"name":"(anonymous_5)","decl":{"start":{"line":107,"column":33},"end":{"line":107,"column":34}},"loc":{"start":{"line":107,"column":49},"end":{"line":115,"column":1}},"line":107},"6":{"name":"(anonymous_6)","decl":{"start":{"line":121,"column":31},"end":{"line":121,"column":32}},"loc":{"start":{"line":121,"column":43},"end":{"line":129,"column":1}},"line":121},"7":{"name":"(anonymous_7)","decl":{"start":{"line":136,"column":34},"end":{"line":136,"column":35}},"loc":{"start":{"line":136,"column":48},"end":{"line":144,"column":1}},"line":136}},"branchMap":{"0":{"loc":{"start":{"line":17,"column":21},"end":{"line":17,"column":77}},"type":"binary-expr","locations":[{"start":{"line":17,"column":21},"end":{"line":17,"column":50}},{"start":{"line":17,"column":54},"end":{"line":17,"column":77}}],"line":17}},"s":{"0":0,"1":0,"2":0,"3":0,"4":0,"5":0,"6":0,"7":0,"8":0,"9":0,"10":0,"11":0,"12":0,"13":0,"14":0,"15":0,"16":0,"17":0,"18":0,"19":0,"20":0,"21":0,"22":0,"23":0,"24":0,"25":0,"26":0,"27":0,"28":0,"29":0,"30":0,"31":0,"32":0,"33":0,"34":0,"35":0,"36":0,"37":0,"38":0,"39":0,"40":0,"41":0,"42":0,"43":0,"44":0,"45":0,"46":0,"47":0,"48":0,"49":0},"f":{"0":0,"1":0,"2":0,"3":0,"4":0,"5":0,"6":0,"7":0},"b":{"0":[0,0]}}
}
