TN:
SF:src/components/Navbar.jsx
FN:25,(anonymous_0)
FN:49,(anonymous_1)
FN:54,(anonymous_2)
FN:60,(anonymous_3)
FN:66,(anonymous_4)
FNF:5
FNH:5
FNDA:22,(anonymous_0)
FNDA:22,(anonymous_1)
FNDA:22,(anonymous_2)
FNDA:22,(anonymous_3)
FNDA:22,(anonymous_4)
DA:25,1
DA:26,22
DA:28,22
DA:49,22
DA:54,22
DA:60,22
DA:66,22
LF:7
LH:7
BRDA:40,0,0,4
BRDA:40,0,1,18
BRDA:44,1,0,3
BRDA:44,1,1,19
BRDA:49,2,0,21
BRDA:49,2,1,1
BRDA:54,3,0,1
BRDA:54,3,1,21
BRDA:60,4,0,0
BRDA:60,4,1,22
BRDA:66,5,0,0
BRDA:66,5,1,22
BRDA:68,6,0,22
BRDA:68,6,1,0
BRF:14
BRH:11
end_of_record
TN:
SF:src/components/ProductCard.jsx
FN:18,(anonymous_0)
FN:48,(anonymous_1)
FN:51,(anonymous_2)
FNF:3
FNH:3
FNDA:5,(anonymous_0)
FNDA:1,(anonymous_1)
FNDA:1,(anonymous_2)
DA:18,1
DA:19,5
DA:22,5
DA:24,5
DA:48,1
DA:51,1
LF:6
LH:6
BRDA:22,0,0,2
BRDA:22,0,1,3
BRF:2
BRH:2
end_of_record
TN:
SF:src/components/ProductList.jsx
FN:19,(anonymous_0)
FN:43,(anonymous_1)
FNF:2
FNH:2
FNDA:9,(anonymous_0)
FNDA:2,(anonymous_1)
DA:19,1
DA:20,9
DA:23,9
DA:24,8
DA:27,1
DA:44,2
LF:6
LH:6
BRDA:23,0,0,8
BRDA:23,0,1,1
BRDA:23,1,0,9
BRDA:23,1,1,9
BRF:4
BRH:4
end_of_record
TN:
SF:src/components/transactionsCard.jsx
FN:16,(anonymous_0)
FN:20,(anonymous_1)
FN:26,(anonymous_2)
FN:80,(anonymous_3)
FN:89,(anonymous_4)
FN:93,(anonymous_5)
FN:96,(anonymous_6)
FN:105,(anonymous_7)
FN:106,(anonymous_8)
FN:122,(anonymous_9)
FN:127,(anonymous_10)
FN:152,(anonymous_11)
FN:154,(anonymous_12)
FN:184,(anonymous_13)
FN:186,(anonymous_14)
FN:201,(anonymous_15)
FN:206,(anonymous_16)
FNF:17
FNH:13
FNDA:8,(anonymous_0)
FNDA:5,(anonymous_1)
FNDA:4,(anonymous_2)
FNDA:14,(anonymous_3)
FNDA:6,(anonymous_4)
FNDA:6,(anonymous_5)
FNDA:6,(anonymous_6)
FNDA:3,(anonymous_7)
FNDA:6,(anonymous_8)
FNDA:6,(anonymous_9)
FNDA:2,(anonymous_10)
FNDA:0,(anonymous_11)
FNDA:0,(anonymous_12)
FNDA:0,(anonymous_13)
FNDA:14,(anonymous_14)
FNDA:1,(anonymous_15)
FNDA:0,(anonymous_16)
DA:16,1
DA:17,8
DA:18,8
DA:20,8
DA:21,5
DA:22,1
DA:23,1
DA:26,4
DA:27,4
DA:28,4
DA:29,2
DA:31,1
DA:32,1
DA:36,4
DA:39,8
DA:40,1
DA:43,7
DA:80,1
DA:81,14
DA:82,14
DA:83,14
DA:84,14
DA:85,14
DA:86,14
DA:87,14
DA:89,14
DA:90,6
DA:93,14
DA:94,6
DA:96,6
DA:97,6
DA:98,6
DA:99,5
DA:100,0
DA:103,5
DA:104,5
DA:105,5
DA:106,6
DA:107,3
DA:108,0
DA:111,3
DA:115,1
DA:116,1
DA:120,6
DA:122,6
DA:123,6
DA:127,14
DA:128,2
DA:129,2
DA:131,2
DA:132,0
DA:133,0
DA:136,2
DA:137,1
DA:138,1
DA:141,1
DA:143,1
DA:144,1
DA:149,0
DA:150,0
DA:151,0
DA:152,0
DA:153,0
DA:154,0
DA:156,0
DA:157,0
DA:160,0
DA:163,1
DA:165,1
DA:169,14
DA:184,0
DA:187,14
DA:201,1
DA:206,0
LF:74
LH:59
BRDA:21,0,0,1
BRDA:21,0,1,4
BRDA:39,1,0,1
BRDA:39,1,1,7
BRDA:47,2,0,7
BRDA:47,2,1,0
BRDA:51,3,0,7
BRDA:51,3,1,4
BRDA:52,4,0,7
BRDA:52,4,1,0
BRDA:55,5,0,5
BRDA:55,5,1,2
BRDA:57,6,0,5
BRDA:57,6,1,2
BRDA:60,7,0,7
BRDA:60,7,1,0
BRDA:61,8,0,7
BRDA:61,8,1,0
BRDA:80,9,0,10
BRDA:80,10,0,10
BRDA:90,11,0,6
BRDA:90,11,1,0
BRDA:99,12,0,0
BRDA:99,12,1,5
BRDA:104,13,0,5
BRDA:104,13,1,0
BRDA:107,14,0,0
BRDA:107,14,1,3
BRDA:131,15,0,0
BRDA:131,15,1,2
BRDA:136,16,0,1
BRDA:136,16,1,1
BRDA:136,17,0,2
BRDA:136,17,1,1
BRDA:156,18,0,0
BRDA:156,18,1,0
BRDA:160,19,0,0
BRDA:160,19,1,0
BRDA:163,20,0,1
BRDA:163,20,1,0
BRDA:177,21,0,14
BRDA:177,21,1,3
BRDA:216,22,0,14
BRDA:216,22,1,13
BRDA:218,23,0,1
BRDA:218,23,1,13
BRDA:218,24,0,2
BRDA:218,24,1,11
BRF:48
BRH:34
end_of_record
TN:
SF:src/components/transactionsList.jsx
FN:16,(anonymous_0)
FN:41,(anonymous_1)
FNF:2
FNH:2
FNDA:5,(anonymous_0)
FNDA:1,(anonymous_1)
DA:16,1
DA:17,5
DA:20,5
DA:21,4
DA:24,1
DA:42,1
LF:6
LH:6
BRDA:20,0,0,4
BRDA:20,0,1,1
BRDA:20,1,0,5
BRDA:20,1,1,5
BRF:4
BRH:4
end_of_record
TN:
SF:src/context/UiSettingsContext.jsx
FN:201,(anonymous_0)
FN:214,(anonymous_1)
FN:215,(anonymous_2)
FN:216,(anonymous_3)
FN:219,(anonymous_4)
FN:226,(anonymous_5)
FN:233,(anonymous_6)
FN:236,(anonymous_7)
FN:236,(anonymous_8)
FN:237,(anonymous_9)
FN:237,(anonymous_10)
FN:238,(anonymous_11)
FN:252,(anonymous_12)
FNF:13
FNH:13
FNDA:100,(anonymous_0)
FNDA:61,(anonymous_1)
FNDA:50,(anonymous_2)
FNDA:50,(anonymous_3)
FNDA:56,(anonymous_4)
FNDA:55,(anonymous_5)
FNDA:61,(anonymous_6)
FNDA:6,(anonymous_7)
FNDA:6,(anonymous_8)
FNDA:5,(anonymous_9)
FNDA:5,(anonymous_10)
FNDA:547,(anonymous_11)
FNDA:103,(anonymous_12)
DA:19,1
DA:193,1
DA:201,1
DA:202,100
DA:203,100
DA:214,1
DA:215,61
DA:216,61
DA:219,61
DA:220,56
DA:221,56
DA:222,56
DA:226,61
DA:227,55
DA:228,55
DA:232,61
DA:233,61
DA:236,6
DA:237,5
DA:238,547
DA:244,61
DA:252,1
DA:253,103
DA:255,102
DA:256,0
DA:259,102
LF:26
LH:25
BRDA:203,0,0,100
BRDA:203,0,1,100
BRDA:221,1,0,52
BRDA:221,1,1,4
BRDA:236,2,0,2
BRDA:236,2,1,4
BRDA:237,3,0,2
BRDA:237,3,1,3
BRDA:238,4,0,547
BRDA:238,4,1,0
BRDA:255,5,0,0
BRDA:255,5,1,102
BRF:12
BRH:10
end_of_record
TN:
SF:src/screens/AdminScreen.jsx
FN:26,(anonymous_0)
FN:42,(anonymous_1)
FN:43,(anonymous_2)
FN:53,(anonymous_3)
FN:78,(anonymous_4)
FN:103,(anonymous_5)
FN:146,(anonymous_6)
FN:193,(anonymous_7)
FN:218,(anonymous_8)
FN:313,(anonymous_9)
FNF:10
FNH:7
FNDA:20,(anonymous_0)
FNDA:7,(anonymous_1)
FNDA:7,(anonymous_2)
FNDA:9,(anonymous_3)
FNDA:9,(anonymous_4)
FNDA:2,(anonymous_5)
FNDA:1,(anonymous_6)
FNDA:0,(anonymous_7)
FNDA:0,(anonymous_8)
FNDA:0,(anonymous_9)
DA:26,1
DA:27,20
DA:30,19
DA:31,19
DA:34,19
DA:35,19
DA:38,19
DA:39,19
DA:42,19
DA:43,7
DA:44,7
DA:45,7
DA:47,7
DA:53,19
DA:54,9
DA:55,9
DA:56,9
DA:57,9
DA:58,7
DA:60,2
DA:66,0
DA:71,9
DA:78,19
DA:79,9
DA:80,9
DA:81,9
DA:82,9
DA:83,9
DA:85,0
DA:91,0
DA:96,9
DA:103,19
DA:104,2
DA:108,2
DA:109,1
DA:113,1
DA:116,1
DA:117,1
DA:118,1
DA:119,1
DA:120,1
DA:125,1
DA:126,1
DA:128,0
DA:134,0
DA:139,1
DA:146,19
DA:147,1
DA:151,1
DA:152,0
DA:156,0
DA:159,1
DA:160,1
DA:161,1
DA:162,1
DA:163,1
DA:164,1
DA:172,1
DA:173,1
DA:175,0
DA:181,0
DA:186,1
DA:193,19
DA:194,0
DA:195,0
DA:196,0
DA:202,19
DA:218,0
DA:314,0
LF:69
LH:55
BRDA:57,0,0,7
BRDA:57,0,1,2
BRDA:82,1,0,9
BRDA:82,1,1,0
BRDA:108,2,0,1
BRDA:108,2,1,1
BRDA:119,3,0,1
BRDA:119,3,1,0
BRDA:151,4,0,0
BRDA:151,4,1,1
BRDA:162,5,0,1
BRDA:162,5,1,0
BRDA:163,6,0,1
BRDA:163,6,1,0
BRDA:167,7,0,0
BRDA:167,7,1,1
BRDA:207,8,0,19
BRDA:207,8,1,0
BRDA:212,9,0,19
BRDA:212,9,1,3
BRDA:238,10,0,19
BRDA:238,10,1,9
BRDA:238,10,2,9
BRDA:245,11,0,10
BRDA:245,11,1,9
BRDA:247,12,0,0
BRDA:247,12,1,9
BRDA:251,13,0,0
BRDA:251,13,1,0
BRDA:255,14,0,0
BRDA:255,14,1,0
BRDA:260,15,0,0
BRDA:260,15,1,0
BRDA:263,16,0,0
BRDA:263,16,1,0
BRDA:280,17,0,0
BRDA:280,17,1,19
BRDA:282,18,0,2
BRDA:282,18,1,17
BRDA:290,19,0,2
BRDA:290,19,1,2
BRDA:309,20,0,2
BRDA:309,20,1,0
BRDA:309,20,2,0
BRDA:347,21,0,2
BRDA:347,21,1,17
BRDA:365,22,0,2
BRDA:365,22,1,17
BRF:48
BRH:29
end_of_record
TN:
SF:src/screens/HomeScreen.jsx
FN:22,(anonymous_0)
FN:29,(anonymous_1)
FN:30,(anonymous_2)
FN:48,(anonymous_3)
FN:49,(anonymous_4)
FN:66,(anonymous_5)
FN:74,(anonymous_6)
FN:107,(anonymous_7)
FN:130,(anonymous_8)
FN:136,(anonymous_9)
FN:162,(anonymous_10)
FN:168,(anonymous_11)
FNF:12
FNH:3
FNDA:4,(anonymous_0)
FNDA:3,(anonymous_1)
FNDA:3,(anonymous_2)
FNDA:0,(anonymous_3)
FNDA:0,(anonymous_4)
FNDA:0,(anonymous_5)
FNDA:0,(anonymous_6)
FNDA:0,(anonymous_7)
FNDA:0,(anonymous_8)
FNDA:0,(anonymous_9)
FNDA:0,(anonymous_10)
FNDA:0,(anonymous_11)
DA:22,1
DA:23,4
DA:24,3
DA:25,3
DA:26,3
DA:29,3
DA:30,3
DA:31,3
DA:32,3
DA:37,2
DA:38,2
DA:40,1
DA:44,3
DA:48,3
DA:49,3
DA:50,3
DA:51,3
DA:53,3
DA:66,0
DA:74,0
DA:108,0
DA:130,0
DA:137,0
DA:162,0
DA:169,0
LF:25
LH:18
BRDA:48,0,0,0
BRDA:48,0,1,0
BRDA:106,1,0,0
BRDA:106,1,1,3
BRDA:144,2,0,0
BRDA:144,2,1,0
BRDA:172,3,0,0
BRDA:172,3,1,0
BRF:8
BRH:1
end_of_record
TN:
SF:src/screens/ProductScreen.jsx
FN:30,(anonymous_0)
FN:54,(anonymous_1)
FN:61,(anonymous_2)
FN:71,(anonymous_3)
FN:87,(anonymous_4)
FN:96,(anonymous_5)
FN:106,(anonymous_6)
FN:177,(anonymous_7)
FN:187,(anonymous_8)
FN:197,(anonymous_9)
FN:207,(anonymous_10)
FN:216,(anonymous_11)
FNF:12
FNH:5
FNDA:16,(anonymous_0)
FNDA:0,(anonymous_1)
FNDA:8,(anonymous_2)
FNDA:0,(anonymous_3)
FNDA:0,(anonymous_4)
FNDA:0,(anonymous_5)
FNDA:3,(anonymous_6)
FNDA:0,(anonymous_7)
FNDA:2,(anonymous_8)
FNDA:0,(anonymous_9)
FNDA:1,(anonymous_10)
FNDA:0,(anonymous_11)
DA:30,1
DA:31,16
DA:32,15
DA:33,15
DA:34,15
DA:37,15
DA:40,15
DA:46,15
DA:47,15
DA:48,15
DA:49,15
DA:50,15
DA:51,15
DA:54,15
DA:61,15
DA:62,8
DA:63,0
DA:64,0
DA:65,0
DA:66,0
DA:71,15
DA:72,0
DA:73,0
DA:76,0
DA:77,0
DA:79,0
DA:81,0
DA:82,0
DA:87,15
DA:88,0
DA:89,0
DA:92,0
DA:96,15
DA:97,0
DA:98,0
DA:99,0
DA:100,0
DA:101,0
DA:102,0
DA:106,15
DA:107,3
DA:108,3
DA:110,3
DA:111,3
DA:112,3
DA:115,0
DA:122,0
DA:123,0
DA:124,0
DA:126,0
DA:129,0
DA:130,0
DA:131,0
DA:132,0
DA:133,0
DA:134,0
DA:136,0
DA:137,0
DA:142,15
DA:143,5
DA:160,10
DA:177,0
DA:187,2
DA:197,0
DA:207,1
DA:216,0
LF:66
LH:30
BRDA:40,0,0,15
BRDA:62,1,0,0
BRDA:62,1,1,8
BRDA:72,2,0,0
BRDA:72,2,1,0
BRDA:82,3,0,0
BRDA:82,3,1,0
BRDA:88,4,0,0
BRDA:88,4,1,0
BRDA:110,5,0,3
BRDA:110,5,1,0
BRDA:110,6,0,3
BRDA:110,6,1,0
BRDA:110,6,2,0
BRDA:110,6,3,0
BRDA:123,7,0,0
BRDA:123,7,1,0
BRDA:137,8,0,0
BRDA:137,8,1,0
BRDA:142,9,0,5
BRDA:142,9,1,10
BRDA:154,10,0,5
BRDA:154,10,1,0
BRDA:165,11,0,0
BRDA:165,11,1,10
BRDA:166,12,0,0
BRDA:166,12,1,10
BRDA:169,13,0,10
BRDA:169,13,1,3
BRDA:214,14,0,0
BRDA:214,14,1,10
BRF:31
BRH:12
end_of_record
TN:
SF:src/screens/TransactionScreen.jsx
FN:25,(anonymous_0)
FN:31,(anonymous_1)
FN:32,(anonymous_2)
FN:45,(anonymous_3)
FNF:4
FNH:3
FNDA:3,(anonymous_0)
FNDA:2,(anonymous_1)
FNDA:2,(anonymous_2)
FNDA:0,(anonymous_3)
DA:25,1
DA:26,3
DA:27,2
DA:28,2
DA:31,2
DA:32,2
DA:33,2
DA:34,2
DA:35,2
DA:37,0
DA:41,2
DA:45,2
DA:46,0
DA:47,0
DA:48,0
DA:49,0
DA:51,0
DA:52,0
DA:56,2
LF:19
LH:12
BRDA:67,0,0,2
BRDA:67,0,1,2
BRF:2
BRH:2
end_of_record
TN:
SF:src/services/adminApi.js
FN:28,(anonymous_0)
FN:47,(anonymous_1)
FN:67,(anonymous_2)
FN:87,(anonymous_3)
FNF:4
FNH:0
FNDA:0,(anonymous_0)
FNDA:0,(anonymous_1)
FNDA:0,(anonymous_2)
FNDA:0,(anonymous_3)
DA:13,0
DA:16,0
DA:28,0
DA:29,0
DA:30,0
DA:31,0
DA:36,0
DA:47,0
DA:48,0
DA:49,0
DA:50,0
DA:55,0
DA:67,0
DA:68,0
DA:69,0
DA:70,0
DA:75,0
DA:87,0
DA:88,0
DA:89,0
DA:90,0
DA:95,0
LF:22
LH:0
BRDA:38,0,0,0
BRDA:38,0,1,0
BRDA:57,1,0,0
BRDA:57,1,1,0
BRDA:77,2,0,0
BRDA:77,2,1,0
BRDA:97,3,0,0
BRDA:97,3,1,0
BRF:8
BRH:0
end_of_record
TN:
SF:src/services/api.js
FN:31,(anonymous_0)
FN:46,(anonymous_1)
FN:61,(anonymous_2)
FN:77,(anonymous_3)
FN:92,(anonymous_4)
FN:107,(anonymous_5)
FN:121,(anonymous_6)
FN:136,(anonymous_7)
FNF:8
FNH:0
FNDA:0,(anonymous_0)
FNDA:0,(anonymous_1)
FNDA:0,(anonymous_2)
FNDA:0,(anonymous_3)
FNDA:0,(anonymous_4)
FNDA:0,(anonymous_5)
FNDA:0,(anonymous_6)
FNDA:0,(anonymous_7)
DA:17,0
DA:19,0
DA:31,0
DA:32,0
DA:33,0
DA:34,0
DA:36,0
DA:37,0
DA:46,0
DA:47,0
DA:48,0
DA:49,0
DA:51,0
DA:52,0
DA:61,0
DA:62,0
DA:63,0
DA:64,0
DA:66,0
DA:67,0
DA:77,0
DA:78,0
DA:79,0
DA:80,0
DA:82,0
DA:83,0
DA:92,0
DA:93,0
DA:94,0
DA:95,0
DA:97,0
DA:98,0
DA:107,0
DA:108,0
DA:109,0
DA:110,0
DA:112,0
DA:113,0
DA:121,0
DA:122,0
DA:123,0
DA:124,0
DA:126,0
DA:127,0
DA:136,0
DA:137,0
DA:138,0
DA:139,0
DA:141,0
DA:142,0
LF:50
LH:0
BRDA:17,0,0,0
BRDA:17,0,1,0
BRF:2
BRH:0
end_of_record
