{"/home/medal/Shop_Manager/backend/index.js": {"path":"/home/medal/Shop_Manager/backend/index.js","statementMap":{"0":{"start":{"line":15,"column":13},"end":{"line":15,"column":28}},"1":{"start":{"line":18,"column":16},"end":{"line":18,"column":34}},"2":{"start":{"line":19,"column":13},"end":{"line":19,"column":28}},"3":{"start":{"line":20,"column":22},"end":{"line":20,"column":55}},"4":{"start":{"line":21,"column":26},"end":{"line":21,"column":63}},"5":{"start":{"line":22,"column":20},"end":{"line":22,"column":51}},"6":{"start":{"line":25,"column":12},"end":{"line":25,"column":21}},"7":{"start":{"line":26,"column":0},"end":{"line":26,"column":24}},"8":{"start":{"line":27,"column":0},"end":{"line":27,"column":16}},"9":{"start":{"line":30,"column":0},"end":{"line":30,"column":36}},"10":{"start":{"line":31,"column":0},"end":{"line":31,"column":44}},"11":{"start":{"line":32,"column":0},"end":{"line":32,"column":35}},"12":{"start":{"line":35,"column":0},"end":{"line":37,"column":3}},"13":{"start":{"line":36,"column":2},"end":{"line":36,"column":55}},"14":{"start":{"line":42,"column":0},"end":{"line":71,"column":1}},"15":{"start":{"line":43,"column":15},"end":{"line":43,"column":39}},"16":{"start":{"line":44,"column":2},"end":{"line":44,"column":34}},"17":{"start":{"line":46,"column":2},"end":{"line":48,"column":5}},"18":{"start":{"line":47,"column":4},"end":{"line":47,"column":53}},"19":{"start":{"line":50,"column":2},"end":{"line":52,"column":5}},"20":{"start":{"line":51,"column":4},"end":{"line":51,"column":52}},"21":{"start":{"line":55,"column":2},"end":{"line":61,"column":5}},"22":{"start":{"line":56,"column":4},"end":{"line":60,"column":5}},"23":{"start":{"line":57,"column":6},"end":{"line":59,"column":9}},"24":{"start":{"line":58,"column":8},"end":{"line":58,"column":43}},"25":{"start":{"line":64,"column":2},"end":{"line":70,"column":5}},"26":{"start":{"line":65,"column":4},"end":{"line":69,"column":5}},"27":{"start":{"line":66,"column":6},"end":{"line":68,"column":9}},"28":{"start":{"line":67,"column":8},"end":{"line":67,"column":43}},"29":{"start":{"line":74,"column":0},"end":{"line":74,"column":21}}},"fnMap":{"0":{"name":"(anonymous_0)","decl":{"start":{"line":35,"column":13},"end":{"line":35,"column":14}},"loc":{"start":{"line":35,"column":27},"end":{"line":37,"column":1}},"line":35},"1":{"name":"(anonymous_1)","decl":{"start":{"line":46,"column":22},"end":{"line":46,"column":23}},"loc":{"start":{"line":46,"column":28},"end":{"line":48,"column":3}},"line":46},"2":{"name":"(anonymous_2)","decl":{"start":{"line":50,"column":21},"end":{"line":50,"column":22}},"loc":{"start":{"line":50,"column":32},"end":{"line":52,"column":3}},"line":50},"3":{"name":"(anonymous_3)","decl":{"start":{"line":55,"column":23},"end":{"line":55,"column":24}},"loc":{"start":{"line":55,"column":29},"end":{"line":61,"column":3}},"line":55},"4":{"name":"(anonymous_4)","decl":{"start":{"line":57,"column":19},"end":{"line":57,"column":20}},"loc":{"start":{"line":57,"column":25},"end":{"line":59,"column":7}},"line":57},"5":{"name":"(anonymous_5)","decl":{"start":{"line":64,"column":24},"end":{"line":64,"column":25}},"loc":{"start":{"line":64,"column":30},"end":{"line":70,"column":3}},"line":64},"6":{"name":"(anonymous_6)","decl":{"start":{"line":66,"column":19},"end":{"line":66,"column":20}},"loc":{"start":{"line":66,"column":25},"end":{"line":68,"column":7}},"line":66}},"branchMap":{"0":{"loc":{"start":{"line":42,"column":0},"end":{"line":71,"column":1}},"type":"if","locations":[{"start":{"line":42,"column":0},"end":{"line":71,"column":1}},{"start":{},"end":{}}],"line":42},"1":{"loc":{"start":{"line":43,"column":15},"end":{"line":43,"column":39}},"type":"binary-expr","locations":[{"start":{"line":43,"column":15},"end":{"line":43,"column":31}},{"start":{"line":43,"column":35},"end":{"line":43,"column":39}}],"line":43},"2":{"loc":{"start":{"line":56,"column":4},"end":{"line":60,"column":5}},"type":"if","locations":[{"start":{"line":56,"column":4},"end":{"line":60,"column":5}},{"start":{},"end":{}}],"line":56},"3":{"loc":{"start":{"line":65,"column":4},"end":{"line":69,"column":5}},"type":"if","locations":[{"start":{"line":65,"column":4},"end":{"line":69,"column":5}},{"start":{},"end":{}}],"line":65}},"s":{"0":2,"1":2,"2":2,"3":2,"4":2,"5":2,"6":2,"7":2,"8":2,"9":2,"10":2,"11":2,"12":2,"13":0,"14":2,"15":0,"16":0,"17":0,"18":0,"19":0,"20":0,"21":0,"22":0,"23":0,"24":0,"25":0,"26":0,"27":0,"28":0,"29":2},"f":{"0":0,"1":0,"2":0,"3":0,"4":0,"5":0,"6":0},"b":{"0":[0,2],"1":[0,0],"2":[0,0],"3":[0,0]},"_coverageSchema":"1a1c01bbd47fc00a2c39e90264f33305004495a9","hash":"8140a5a7935164a4f52effe8f7a710ba7554c819"}
,"/home/medal/Shop_Manager/backend/controllers/adminController.js": {"path":"/home/medal/Shop_Manager/backend/controllers/adminController.js","statementMap":{"0":{"start":{"line":16,"column":11},"end":{"line":16,"column":42}},"1":{"start":{"line":19,"column":0},"end":{"line":36,"column":2}},"2":{"start":{"line":20,"column":2},"end":{"line":35,"column":3}},"3":{"start":{"line":22,"column":19},"end":{"line":22,"column":37}},"4":{"start":{"line":24,"column":4},"end":{"line":28,"column":7}},"5":{"start":{"line":30,"column":4},"end":{"line":30,"column":52}},"6":{"start":{"line":31,"column":4},"end":{"line":34,"column":7}},"7":{"start":{"line":39,"column":0},"end":{"line":54,"column":2}},"8":{"start":{"line":40,"column":2},"end":{"line":53,"column":3}},"9":{"start":{"line":41,"column":18},"end":{"line":41,"column":33}},"10":{"start":{"line":43,"column":4},"end":{"line":46,"column":7}},"11":{"start":{"line":48,"column":4},"end":{"line":48,"column":56}},"12":{"start":{"line":49,"column":4},"end":{"line":52,"column":7}},"13":{"start":{"line":57,"column":0},"end":{"line":75,"column":2}},"14":{"start":{"line":58,"column":2},"end":{"line":74,"column":3}},"15":{"start":{"line":59,"column":19},"end":{"line":59,"column":51}},"16":{"start":{"line":61,"column":4},"end":{"line":67,"column":7}},"17":{"start":{"line":69,"column":4},"end":{"line":69,"column":64}},"18":{"start":{"line":70,"column":4},"end":{"line":73,"column":7}},"19":{"start":{"line":80,"column":0},"end":{"line":108,"column":2}},"20":{"start":{"line":81,"column":2},"end":{"line":107,"column":3}},"21":{"start":{"line":82,"column":18},"end":{"line":82,"column":33}},"22":{"start":{"line":84,"column":22},"end":{"line":84,"column":54}},"23":{"start":{"line":85,"column":19},"end":{"line":85,"column":52}},"24":{"start":{"line":87,"column":4},"end":{"line":100,"column":7}},"25":{"start":{"line":102,"column":4},"end":{"line":106,"column":7}}},"fnMap":{"0":{"name":"(anonymous_0)","decl":{"start":{"line":19,"column":24},"end":{"line":19,"column":25}},"loc":{"start":{"line":19,"column":44},"end":{"line":36,"column":1}},"line":19},"1":{"name":"(anonymous_1)","decl":{"start":{"line":39,"column":21},"end":{"line":39,"column":22}},"loc":{"start":{"line":39,"column":41},"end":{"line":54,"column":1}},"line":39},"2":{"name":"(anonymous_2)","decl":{"start":{"line":57,"column":38},"end":{"line":57,"column":39}},"loc":{"start":{"line":57,"column":58},"end":{"line":75,"column":1}},"line":57},"3":{"name":"(anonymous_3)","decl":{"start":{"line":80,"column":22},"end":{"line":80,"column":23}},"loc":{"start":{"line":80,"column":42},"end":{"line":108,"column":1}},"line":80}},"branchMap":{"0":{"loc":{"start":{"line":85,"column":19},"end":{"line":85,"column":52}},"type":"cond-expr","locations":[{"start":{"line":85,"column":31},"end":{"line":85,"column":40}},{"start":{"line":85,"column":43},"end":{"line":85,"column":52}}],"line":85},"1":{"loc":{"start":{"line":94,"column":23},"end":{"line":94,"column":59}},"type":"cond-expr","locations":[{"start":{"line":94,"column":35},"end":{"line":94,"column":39}},{"start":{"line":94,"column":42},"end":{"line":94,"column":59}}],"line":94},"2":{"loc":{"start":{"line":96,"column":23},"end":{"line":98,"column":7}},"type":"cond-expr","locations":[{"start":{"line":96,"column":35},"end":{"line":96,"column":37}},{"start":{"line":96,"column":40},"end":{"line":98,"column":7}}],"line":96}},"s":{"0":2,"1":2,"2":0,"3":0,"4":0,"5":0,"6":0,"7":2,"8":0,"9":0,"10":0,"11":0,"12":0,"13":2,"14":0,"15":0,"16":0,"17":0,"18":0,"19":2,"20":0,"21":0,"22":0,"23":0,"24":0,"25":0},"f":{"0":0,"1":0,"2":0,"3":0},"b":{"0":[0,0],"1":[0,0],"2":[0,0]},"_coverageSchema":"1a1c01bbd47fc00a2c39e90264f33305004495a9","hash":"d468440e39ace6047898c3fa99f112178cbcc0a6"}
,"/home/medal/Shop_Manager/backend/controllers/productController.js": {"path":"/home/medal/Shop_Manager/backend/controllers/productController.js","statementMap":{"0":{"start":{"line":23,"column":16},"end":{"line":23,"column":49}},"1":{"start":{"line":26,"column":18},"end":{"line":38,"column":1}},"2":{"start":{"line":27,"column":2},"end":{"line":37,"column":4}},"3":{"start":{"line":28,"column":4},"end":{"line":36,"column":7}},"4":{"start":{"line":29,"column":6},"end":{"line":35,"column":9}},"5":{"start":{"line":32,"column":10},"end":{"line":33,"column":31}},"6":{"start":{"line":32,"column":19},"end":{"line":32,"column":31}},"7":{"start":{"line":33,"column":15},"end":{"line":33,"column":31}},"8":{"start":{"line":41,"column":0},"end":{"line":75,"column":2}},"9":{"start":{"line":42,"column":2},"end":{"line":74,"column":3}},"10":{"start":{"line":43,"column":51},"end":{"line":43,"column":59}},"11":{"start":{"line":47,"column":4},"end":{"line":49,"column":5}},"12":{"start":{"line":48,"column":6},"end":{"line":48,"column":65}},"13":{"start":{"line":50,"column":4},"end":{"line":52,"column":5}},"14":{"start":{"line":51,"column":6},"end":{"line":51,"column":69}},"15":{"start":{"line":54,"column":4},"end":{"line":56,"column":5}},"16":{"start":{"line":55,"column":6},"end":{"line":55,"column":72}},"17":{"start":{"line":58,"column":4},"end":{"line":60,"column":5}},"18":{"start":{"line":59,"column":6},"end":{"line":59,"column":84}},"19":{"start":{"line":62,"column":4},"end":{"line":64,"column":5}},"20":{"start":{"line":63,"column":6},"end":{"line":63,"column":92}},"21":{"start":{"line":66,"column":15},"end":{"line":66,"column":45}},"22":{"start":{"line":68,"column":4},"end":{"line":71,"column":7}},"23":{"start":{"line":73,"column":4},"end":{"line":73,"column":49}},"24":{"start":{"line":78,"column":0},"end":{"line":86,"column":2}},"25":{"start":{"line":79,"column":2},"end":{"line":85,"column":3}},"26":{"start":{"line":80,"column":20},"end":{"line":80,"column":55}},"27":{"start":{"line":81,"column":21},"end":{"line":81,"column":36}},"28":{"start":{"line":82,"column":4},"end":{"line":82,"column":23}},"29":{"start":{"line":84,"column":4},"end":{"line":84,"column":49}},"30":{"start":{"line":89,"column":0},"end":{"line":103,"column":2}},"31":{"start":{"line":90,"column":2},"end":{"line":102,"column":3}},"32":{"start":{"line":91,"column":15},"end":{"line":91,"column":28}},"33":{"start":{"line":92,"column":21},"end":{"line":92,"column":57}},"34":{"start":{"line":93,"column":20},"end":{"line":93,"column":38}},"35":{"start":{"line":95,"column":4},"end":{"line":97,"column":5}},"36":{"start":{"line":96,"column":6},"end":{"line":96,"column":66}},"37":{"start":{"line":99,"column":4},"end":{"line":99,"column":22}},"38":{"start":{"line":101,"column":4},"end":{"line":101,"column":49}},"39":{"start":{"line":106,"column":0},"end":{"line":157,"column":2}},"40":{"start":{"line":107,"column":2},"end":{"line":156,"column":3}},"41":{"start":{"line":108,"column":15},"end":{"line":108,"column":28}},"42":{"start":{"line":111,"column":21},"end":{"line":111,"column":57}},"43":{"start":{"line":112,"column":27},"end":{"line":112,"column":45}},"44":{"start":{"line":114,"column":4},"end":{"line":116,"column":5}},"45":{"start":{"line":115,"column":6},"end":{"line":115,"column":66}},"46":{"start":{"line":119,"column":17},"end":{"line":119,"column":82}},"47":{"start":{"line":121,"column":6},"end":{"line":121,"column":86}},"48":{"start":{"line":123,"column":6},"end":{"line":123,"column":89}},"49":{"start":{"line":124,"column":18},"end":{"line":124,"column":86}},"50":{"start":{"line":127,"column":4},"end":{"line":129,"column":5}},"51":{"start":{"line":128,"column":6},"end":{"line":128,"column":69}},"52":{"start":{"line":131,"column":4},"end":{"line":133,"column":5}},"53":{"start":{"line":132,"column":6},"end":{"line":132,"column":75}},"54":{"start":{"line":135,"column":4},"end":{"line":137,"column":5}},"55":{"start":{"line":136,"column":6},"end":{"line":136,"column":76}},"56":{"start":{"line":139,"column":4},"end":{"line":141,"column":5}},"57":{"start":{"line":140,"column":6},"end":{"line":140,"column":92}},"58":{"start":{"line":143,"column":4},"end":{"line":145,"column":5}},"59":{"start":{"line":144,"column":6},"end":{"line":144,"column":84}},"60":{"start":{"line":147,"column":23},"end":{"line":147,"column":61}},"61":{"start":{"line":148,"column":4},"end":{"line":148,"column":65}},"62":{"start":{"line":151,"column":27},"end":{"line":151,"column":45}},"63":{"start":{"line":152,"column":4},"end":{"line":152,"column":29}},"64":{"start":{"line":154,"column":4},"end":{"line":154,"column":48}},"65":{"start":{"line":155,"column":4},"end":{"line":155,"column":49}},"66":{"start":{"line":160,"column":0},"end":{"line":205,"column":2}},"67":{"start":{"line":161,"column":2},"end":{"line":204,"column":3}},"68":{"start":{"line":162,"column":15},"end":{"line":162,"column":36}},"69":{"start":{"line":163,"column":21},"end":{"line":163,"column":46}},"70":{"start":{"line":166,"column":4},"end":{"line":168,"column":5}},"71":{"start":{"line":167,"column":6},"end":{"line":167,"column":67}},"72":{"start":{"line":170,"column":21},"end":{"line":170,"column":57}},"73":{"start":{"line":171,"column":23},"end":{"line":171,"column":61}},"74":{"start":{"line":174,"column":20},"end":{"line":174,"column":38}},"75":{"start":{"line":175,"column":4},"end":{"line":177,"column":5}},"76":{"start":{"line":176,"column":6},"end":{"line":176,"column":66}},"77":{"start":{"line":180,"column":15},"end":{"line":180,"column":46}},"78":{"start":{"line":181,"column":29},"end":{"line":183,"column":14}},"79":{"start":{"line":185,"column":32},"end":{"line":185,"column":60}},"80":{"start":{"line":186,"column":25},"end":{"line":186,"column":29}},"81":{"start":{"line":188,"column":4},"end":{"line":191,"column":5}},"82":{"start":{"line":189,"column":6},"end":{"line":189,"column":141}},"83":{"start":{"line":190,"column":6},"end":{"line":190,"column":34}},"84":{"start":{"line":194,"column":4},"end":{"line":194,"column":25}},"85":{"start":{"line":196,"column":4},"end":{"line":201,"column":7}},"86":{"start":{"line":203,"column":4},"end":{"line":203,"column":49}}},"fnMap":{"0":{"name":"(anonymous_0)","decl":{"start":{"line":26,"column":18},"end":{"line":26,"column":19}},"loc":{"start":{"line":26,"column":35},"end":{"line":38,"column":1}},"line":26},"1":{"name":"(anonymous_1)","decl":{"start":{"line":27,"column":9},"end":{"line":27,"column":10}},"loc":{"start":{"line":27,"column":22},"end":{"line":37,"column":3}},"line":27},"2":{"name":"(anonymous_2)","decl":{"start":{"line":28,"column":23},"end":{"line":28,"column":24}},"loc":{"start":{"line":28,"column":44},"end":{"line":36,"column":5}},"line":28},"3":{"name":"(anonymous_3)","decl":{"start":{"line":31,"column":8},"end":{"line":31,"column":9}},"loc":{"start":{"line":31,"column":25},"end":{"line":34,"column":9}},"line":31},"4":{"name":"(anonymous_4)","decl":{"start":{"line":41,"column":24},"end":{"line":41,"column":25}},"loc":{"start":{"line":41,"column":44},"end":{"line":75,"column":1}},"line":41},"5":{"name":"(anonymous_5)","decl":{"start":{"line":78,"column":25},"end":{"line":78,"column":26}},"loc":{"start":{"line":78,"column":45},"end":{"line":86,"column":1}},"line":78},"6":{"name":"(anonymous_6)","decl":{"start":{"line":89,"column":25},"end":{"line":89,"column":26}},"loc":{"start":{"line":89,"column":45},"end":{"line":103,"column":1}},"line":89},"7":{"name":"(anonymous_7)","decl":{"start":{"line":106,"column":24},"end":{"line":106,"column":25}},"loc":{"start":{"line":106,"column":44},"end":{"line":157,"column":1}},"line":106},"8":{"name":"(anonymous_8)","decl":{"start":{"line":160,"column":24},"end":{"line":160,"column":25}},"loc":{"start":{"line":160,"column":44},"end":{"line":205,"column":1}},"line":160}},"branchMap":{"0":{"loc":{"start":{"line":32,"column":10},"end":{"line":33,"column":31}},"type":"if","locations":[{"start":{"line":32,"column":10},"end":{"line":33,"column":31}},{"start":{"line":33,"column":15},"end":{"line":33,"column":31}}],"line":32},"1":{"loc":{"start":{"line":47,"column":4},"end":{"line":49,"column":5}},"type":"if","locations":[{"start":{"line":47,"column":4},"end":{"line":49,"column":5}},{"start":{},"end":{}}],"line":47},"2":{"loc":{"start":{"line":50,"column":4},"end":{"line":52,"column":5}},"type":"if","locations":[{"start":{"line":50,"column":4},"end":{"line":52,"column":5}},{"start":{},"end":{}}],"line":50},"3":{"loc":{"start":{"line":54,"column":4},"end":{"line":56,"column":5}},"type":"if","locations":[{"start":{"line":54,"column":4},"end":{"line":56,"column":5}},{"start":{},"end":{}}],"line":54},"4":{"loc":{"start":{"line":54,"column":8},"end":{"line":54,"column":41}},"type":"binary-expr","locations":[{"start":{"line":54,"column":8},"end":{"line":54,"column":22}},{"start":{"line":54,"column":26},"end":{"line":54,"column":41}}],"line":54},"5":{"loc":{"start":{"line":58,"column":4},"end":{"line":60,"column":5}},"type":"if","locations":[{"start":{"line":58,"column":4},"end":{"line":60,"column":5}},{"start":{},"end":{}}],"line":58},"6":{"loc":{"start":{"line":62,"column":4},"end":{"line":64,"column":5}},"type":"if","locations":[{"start":{"line":62,"column":4},"end":{"line":64,"column":5}},{"start":{},"end":{}}],"line":62},"7":{"loc":{"start":{"line":95,"column":4},"end":{"line":97,"column":5}},"type":"if","locations":[{"start":{"line":95,"column":4},"end":{"line":97,"column":5}},{"start":{},"end":{}}],"line":95},"8":{"loc":{"start":{"line":114,"column":4},"end":{"line":116,"column":5}},"type":"if","locations":[{"start":{"line":114,"column":4},"end":{"line":116,"column":5}},{"start":{},"end":{}}],"line":114},"9":{"loc":{"start":{"line":119,"column":17},"end":{"line":119,"column":82}},"type":"cond-expr","locations":[{"start":{"line":119,"column":47},"end":{"line":119,"column":60}},{"start":{"line":119,"column":63},"end":{"line":119,"column":82}}],"line":119},"10":{"loc":{"start":{"line":121,"column":6},"end":{"line":121,"column":86}},"type":"cond-expr","locations":[{"start":{"line":121,"column":41},"end":{"line":121,"column":59}},{"start":{"line":121,"column":62},"end":{"line":121,"column":86}}],"line":121},"11":{"loc":{"start":{"line":123,"column":6},"end":{"line":123,"column":89}},"type":"cond-expr","locations":[{"start":{"line":123,"column":42},"end":{"line":123,"column":61}},{"start":{"line":123,"column":64},"end":{"line":123,"column":89}}],"line":123},"12":{"loc":{"start":{"line":124,"column":18},"end":{"line":124,"column":86}},"type":"cond-expr","locations":[{"start":{"line":124,"column":49},"end":{"line":124,"column":63}},{"start":{"line":124,"column":66},"end":{"line":124,"column":86}}],"line":124},"13":{"loc":{"start":{"line":127,"column":4},"end":{"line":129,"column":5}},"type":"if","locations":[{"start":{"line":127,"column":4},"end":{"line":129,"column":5}},{"start":{},"end":{}}],"line":127},"14":{"loc":{"start":{"line":127,"column":8},"end":{"line":127,"column":34}},"type":"binary-expr","locations":[{"start":{"line":127,"column":8},"end":{"line":127,"column":12}},{"start":{"line":127,"column":16},"end":{"line":127,"column":34}}],"line":127},"15":{"loc":{"start":{"line":131,"column":4},"end":{"line":133,"column":5}},"type":"if","locations":[{"start":{"line":131,"column":4},"end":{"line":133,"column":5}},{"start":{},"end":{}}],"line":131},"16":{"loc":{"start":{"line":135,"column":4},"end":{"line":137,"column":5}},"type":"if","locations":[{"start":{"line":135,"column":4},"end":{"line":137,"column":5}},{"start":{},"end":{}}],"line":135},"17":{"loc":{"start":{"line":139,"column":4},"end":{"line":141,"column":5}},"type":"if","locations":[{"start":{"line":139,"column":4},"end":{"line":141,"column":5}},{"start":{},"end":{}}],"line":139},"18":{"loc":{"start":{"line":143,"column":4},"end":{"line":145,"column":5}},"type":"if","locations":[{"start":{"line":143,"column":4},"end":{"line":145,"column":5}},{"start":{},"end":{}}],"line":143},"19":{"loc":{"start":{"line":166,"column":4},"end":{"line":168,"column":5}},"type":"if","locations":[{"start":{"line":166,"column":4},"end":{"line":168,"column":5}},{"start":{},"end":{}}],"line":166},"20":{"loc":{"start":{"line":166,"column":8},"end":{"line":166,"column":40}},"type":"binary-expr","locations":[{"start":{"line":166,"column":8},"end":{"line":166,"column":29}},{"start":{"line":166,"column":33},"end":{"line":166,"column":40}}],"line":166},"21":{"loc":{"start":{"line":175,"column":4},"end":{"line":177,"column":5}},"type":"if","locations":[{"start":{"line":175,"column":4},"end":{"line":177,"column":5}},{"start":{},"end":{}}],"line":175},"22":{"loc":{"start":{"line":185,"column":32},"end":{"line":185,"column":60}},"type":"binary-expr","locations":[{"start":{"line":185,"column":32},"end":{"line":185,"column":55}},{"start":{"line":185,"column":59},"end":{"line":185,"column":60}}],"line":185},"23":{"loc":{"start":{"line":188,"column":4},"end":{"line":191,"column":5}},"type":"if","locations":[{"start":{"line":188,"column":4},"end":{"line":191,"column":5}},{"start":{},"end":{}}],"line":188},"24":{"loc":{"start":{"line":200,"column":21},"end":{"line":200,"column":88}},"type":"cond-expr","locations":[{"start":{"line":200,"column":49},"end":{"line":200,"column":61}},{"start":{"line":200,"column":64},"end":{"line":200,"column":88}}],"line":200}},"s":{"0":2,"1":2,"2":14,"3":14,"4":14,"5":14,"6":0,"7":14,"8":2,"9":3,"10":3,"11":3,"12":0,"13":3,"14":0,"15":3,"16":0,"17":3,"18":0,"19":3,"20":1,"21":2,"22":2,"23":0,"24":2,"25":1,"26":1,"27":1,"28":1,"29":0,"30":2,"31":6,"32":6,"33":6,"34":6,"35":6,"36":1,"37":5,"38":0,"39":2,"40":2,"41":2,"42":2,"43":2,"44":2,"45":0,"46":2,"47":2,"48":2,"49":2,"50":2,"51":0,"52":2,"53":1,"54":1,"55":0,"56":1,"57":0,"58":1,"59":0,"60":1,"61":1,"62":1,"63":1,"64":0,"65":0,"66":2,"67":2,"68":2,"69":2,"70":2,"71":0,"72":2,"73":2,"74":2,"75":2,"76":1,"77":1,"78":1,"79":1,"80":1,"81":1,"82":0,"83":0,"84":1,"85":1,"86":0},"f":{"0":14,"1":14,"2":14,"3":14,"4":3,"5":1,"6":6,"7":2,"8":2},"b":{"0":[0,14],"1":[0,3],"2":[0,3],"3":[0,3],"4":[3,3],"5":[0,3],"6":[1,2],"7":[1,5],"8":[0,2],"9":[2,0],"10":[2,0],"11":[2,0],"12":[2,0],"13":[0,2],"14":[2,1],"15":[1,1],"16":[0,1],"17":[0,1],"18":[0,1],"19":[0,2],"20":[2,2],"21":[1,1],"22":[1,1],"23":[0,1],"24":[1,0]},"_coverageSchema":"1a1c01bbd47fc00a2c39e90264f33305004495a9","hash":"3cba28b8cc746b8245dccb61eae2da2293fb9799"}
,"/home/medal/Shop_Manager/backend/controllers/transactionController.js": {"path":"/home/medal/Shop_Manager/backend/controllers/transactionController.js","statementMap":{"0":{"start":{"line":23,"column":20},"end":{"line":23,"column":57}},"1":{"start":{"line":26,"column":18},"end":{"line":38,"column":1}},"2":{"start":{"line":27,"column":2},"end":{"line":37,"column":4}},"3":{"start":{"line":28,"column":4},"end":{"line":36,"column":7}},"4":{"start":{"line":29,"column":6},"end":{"line":35,"column":9}},"5":{"start":{"line":32,"column":10},"end":{"line":33,"column":31}},"6":{"start":{"line":32,"column":19},"end":{"line":32,"column":31}},"7":{"start":{"line":33,"column":15},"end":{"line":33,"column":31}},"8":{"start":{"line":41,"column":0},"end":{"line":96,"column":2}},"9":{"start":{"line":42,"column":2},"end":{"line":95,"column":3}},"10":{"start":{"line":43,"column":57},"end":{"line":43,"column":65}},"11":{"start":{"line":46,"column":4},"end":{"line":52,"column":5}},"12":{"start":{"line":47,"column":6},"end":{"line":51,"column":11}},"13":{"start":{"line":55,"column":31},"end":{"line":55,"column":85}},"14":{"start":{"line":56,"column":27},"end":{"line":56,"column":77}},"15":{"start":{"line":57,"column":32},"end":{"line":57,"column":87}},"16":{"start":{"line":58,"column":30},"end":{"line":58,"column":72}},"17":{"start":{"line":61,"column":23},"end":{"line":61,"column":61}},"18":{"start":{"line":64,"column":20},"end":{"line":64,"column":52}},"19":{"start":{"line":65,"column":4},"end":{"line":67,"column":5}},"20":{"start":{"line":66,"column":6},"end":{"line":66,"column":66}},"21":{"start":{"line":70,"column":4},"end":{"line":72,"column":5}},"22":{"start":{"line":71,"column":6},"end":{"line":71,"column":80}},"23":{"start":{"line":75,"column":24},"end":{"line":75,"column":89}},"24":{"start":{"line":78,"column":22},"end":{"line":78,"column":46}},"25":{"start":{"line":81,"column":15},"end":{"line":88,"column":6}},"26":{"start":{"line":89,"column":4},"end":{"line":89,"column":33}},"27":{"start":{"line":91,"column":4},"end":{"line":93,"column":5}},"28":{"start":{"line":92,"column":6},"end":{"line":92,"column":66}},"29":{"start":{"line":94,"column":4},"end":{"line":94,"column":81}},"30":{"start":{"line":99,"column":0},"end":{"line":107,"column":2}},"31":{"start":{"line":100,"column":2},"end":{"line":106,"column":3}},"32":{"start":{"line":101,"column":20},"end":{"line":101,"column":63}},"33":{"start":{"line":102,"column":25},"end":{"line":102,"column":40}},"34":{"start":{"line":103,"column":4},"end":{"line":103,"column":27}},"35":{"start":{"line":105,"column":4},"end":{"line":105,"column":82}},"36":{"start":{"line":110,"column":0},"end":{"line":124,"column":2}},"37":{"start":{"line":111,"column":2},"end":{"line":123,"column":3}},"38":{"start":{"line":112,"column":15},"end":{"line":112,"column":28}},"39":{"start":{"line":113,"column":21},"end":{"line":113,"column":65}},"40":{"start":{"line":114,"column":24},"end":{"line":114,"column":42}},"41":{"start":{"line":116,"column":4},"end":{"line":118,"column":5}},"42":{"start":{"line":117,"column":6},"end":{"line":117,"column":70}},"43":{"start":{"line":120,"column":4},"end":{"line":120,"column":26}},"44":{"start":{"line":122,"column":4},"end":{"line":122,"column":81}}},"fnMap":{"0":{"name":"(anonymous_0)","decl":{"start":{"line":26,"column":18},"end":{"line":26,"column":19}},"loc":{"start":{"line":26,"column":35},"end":{"line":38,"column":1}},"line":26},"1":{"name":"(anonymous_1)","decl":{"start":{"line":27,"column":9},"end":{"line":27,"column":10}},"loc":{"start":{"line":27,"column":22},"end":{"line":37,"column":3}},"line":27},"2":{"name":"(anonymous_2)","decl":{"start":{"line":28,"column":23},"end":{"line":28,"column":24}},"loc":{"start":{"line":28,"column":44},"end":{"line":36,"column":5}},"line":28},"3":{"name":"(anonymous_3)","decl":{"start":{"line":31,"column":8},"end":{"line":31,"column":9}},"loc":{"start":{"line":31,"column":25},"end":{"line":34,"column":9}},"line":31},"4":{"name":"(anonymous_4)","decl":{"start":{"line":41,"column":28},"end":{"line":41,"column":29}},"loc":{"start":{"line":41,"column":48},"end":{"line":96,"column":1}},"line":41},"5":{"name":"(anonymous_5)","decl":{"start":{"line":99,"column":29},"end":{"line":99,"column":30}},"loc":{"start":{"line":99,"column":49},"end":{"line":107,"column":1}},"line":99},"6":{"name":"(anonymous_6)","decl":{"start":{"line":110,"column":29},"end":{"line":110,"column":30}},"loc":{"start":{"line":110,"column":49},"end":{"line":124,"column":1}},"line":110}},"branchMap":{"0":{"loc":{"start":{"line":32,"column":10},"end":{"line":33,"column":31}},"type":"if","locations":[{"start":{"line":32,"column":10},"end":{"line":33,"column":31}},{"start":{"line":33,"column":15},"end":{"line":33,"column":31}}],"line":32},"1":{"loc":{"start":{"line":46,"column":4},"end":{"line":52,"column":5}},"type":"if","locations":[{"start":{"line":46,"column":4},"end":{"line":52,"column":5}},{"start":{},"end":{}}],"line":46},"2":{"loc":{"start":{"line":46,"column":8},"end":{"line":46,"column":90}},"type":"binary-expr","locations":[{"start":{"line":46,"column":8},"end":{"line":46,"column":21}},{"start":{"line":46,"column":25},"end":{"line":46,"column":73}},{"start":{"line":46,"column":77},"end":{"line":46,"column":90}}],"line":46},"3":{"loc":{"start":{"line":65,"column":4},"end":{"line":67,"column":5}},"type":"if","locations":[{"start":{"line":65,"column":4},"end":{"line":67,"column":5}},{"start":{},"end":{}}],"line":65},"4":{"loc":{"start":{"line":70,"column":4},"end":{"line":72,"column":5}},"type":"if","locations":[{"start":{"line":70,"column":4},"end":{"line":72,"column":5}},{"start":{},"end":{}}],"line":70},"5":{"loc":{"start":{"line":70,"column":8},"end":{"line":70,"column":63}},"type":"binary-expr","locations":[{"start":{"line":70,"column":8},"end":{"line":70,"column":35}},{"start":{"line":70,"column":39},"end":{"line":70,"column":63}}],"line":70},"6":{"loc":{"start":{"line":91,"column":4},"end":{"line":93,"column":5}},"type":"if","locations":[{"start":{"line":91,"column":4},"end":{"line":93,"column":5}},{"start":{},"end":{}}],"line":91},"7":{"loc":{"start":{"line":94,"column":34},"end":{"line":94,"column":77}},"type":"binary-expr","locations":[{"start":{"line":94,"column":34},"end":{"line":94,"column":45}},{"start":{"line":94,"column":49},"end":{"line":94,"column":77}}],"line":94},"8":{"loc":{"start":{"line":105,"column":34},"end":{"line":105,"column":78}},"type":"binary-expr","locations":[{"start":{"line":105,"column":34},"end":{"line":105,"column":45}},{"start":{"line":105,"column":49},"end":{"line":105,"column":78}}],"line":105},"9":{"loc":{"start":{"line":116,"column":4},"end":{"line":118,"column":5}},"type":"if","locations":[{"start":{"line":116,"column":4},"end":{"line":118,"column":5}},{"start":{},"end":{}}],"line":116},"10":{"loc":{"start":{"line":122,"column":34},"end":{"line":122,"column":77}},"type":"binary-expr","locations":[{"start":{"line":122,"column":34},"end":{"line":122,"column":45}},{"start":{"line":122,"column":49},"end":{"line":122,"column":77}}],"line":122}},"s":{"0":2,"1":2,"2":28,"3":23,"4":23,"5":23,"6":1,"7":22,"8":2,"9":7,"10":7,"11":7,"12":1,"13":6,"14":6,"15":6,"16":6,"17":6,"18":5,"19":5,"20":0,"21":5,"22":1,"23":4,"24":4,"25":4,"26":4,"27":1,"28":1,"29":0,"30":2,"31":3,"32":3,"33":3,"34":3,"35":0,"36":2,"37":1,"38":1,"39":1,"40":1,"41":1,"42":0,"43":1,"44":0},"f":{"0":28,"1":23,"2":23,"3":23,"4":7,"5":3,"6":1},"b":{"0":[1,22],"1":[1,6],"2":[7,7,6],"3":[0,5],"4":[1,4],"5":[5,3],"6":[1,0],"7":[0,0],"8":[0,0],"9":[0,1],"10":[0,0]},"_coverageSchema":"1a1c01bbd47fc00a2c39e90264f33305004495a9","hash":"776ada6b999c7a4d78c5c5417f4102551dce4e02"}
,"/home/medal/Shop_Manager/backend/database/database.js": {"path":"/home/medal/Shop_Manager/backend/database/database.js","statementMap":{"0":{"start":{"line":18,"column":17},"end":{"line":18,"column":42}},"1":{"start":{"line":19,"column":13},"end":{"line":19,"column":28}},"2":{"start":{"line":20,"column":15},"end":{"line":20,"column":53}},"3":{"start":{"line":23,"column":0},"end":{"line":26,"column":1}},"4":{"start":{"line":24,"column":2},"end":{"line":24,"column":45}},"5":{"start":{"line":25,"column":2},"end":{"line":25,"column":18}},"6":{"start":{"line":29,"column":0},"end":{"line":31,"column":3}},"7":{"start":{"line":30,"column":2},"end":{"line":30,"column":45}},"8":{"start":{"line":33,"column":0},"end":{"line":35,"column":3}},"9":{"start":{"line":34,"column":2},"end":{"line":34,"column":71}},"10":{"start":{"line":39,"column":11},"end":{"line":39,"column":57}},"11":{"start":{"line":40,"column":0},"end":{"line":40,"column":49}},"12":{"start":{"line":43,"column":0},"end":{"line":43,"column":37}},"13":{"start":{"line":44,"column":0},"end":{"line":44,"column":48}},"14":{"start":{"line":47,"column":0},"end":{"line":47,"column":21}},"15":{"start":{"line":51,"column":2},"end":{"line":51,"column":17}},"16":{"start":{"line":58,"column":30},"end":{"line":67,"column":5}},"17":{"start":{"line":69,"column":34},"end":{"line":80,"column":5}},"18":{"start":{"line":82,"column":2},"end":{"line":82,"column":31}},"19":{"start":{"line":83,"column":2},"end":{"line":83,"column":59}},"20":{"start":{"line":85,"column":2},"end":{"line":85,"column":35}},"21":{"start":{"line":86,"column":2},"end":{"line":86,"column":63}},"22":{"start":{"line":91,"column":19},"end":{"line":95,"column":3}},"23":{"start":{"line":97,"column":24},"end":{"line":99,"column":3}},"24":{"start":{"line":101,"column":2},"end":{"line":104,"column":5}},"25":{"start":{"line":102,"column":4},"end":{"line":102,"column":31}},"26":{"start":{"line":103,"column":4},"end":{"line":103,"column":64}},"27":{"start":{"line":109,"column":23},"end":{"line":113,"column":3}},"28":{"start":{"line":115,"column":28},"end":{"line":117,"column":3}},"29":{"start":{"line":119,"column":2},"end":{"line":126,"column":5}},"30":{"start":{"line":120,"column":4},"end":{"line":125,"column":5}},"31":{"start":{"line":121,"column":6},"end":{"line":121,"column":41}},"32":{"start":{"line":122,"column":6},"end":{"line":122,"column":63}},"33":{"start":{"line":124,"column":6},"end":{"line":124,"column":65}},"34":{"start":{"line":129,"column":15},"end":{"line":129,"column":20}},"35":{"start":{"line":133,"column":2},"end":{"line":135,"column":3}},"36":{"start":{"line":134,"column":4},"end":{"line":134,"column":11}},"37":{"start":{"line":137,"column":2},"end":{"line":137,"column":18}},"38":{"start":{"line":138,"column":2},"end":{"line":142,"column":3}},"39":{"start":{"line":139,"column":4},"end":{"line":139,"column":76}},"40":{"start":{"line":141,"column":4},"end":{"line":141,"column":50}},"41":{"start":{"line":144,"column":2},"end":{"line":144,"column":13}},"42":{"start":{"line":145,"column":2},"end":{"line":145,"column":45}},"43":{"start":{"line":149,"column":0},"end":{"line":152,"column":3}},"44":{"start":{"line":150,"column":2},"end":{"line":150,"column":26}},"45":{"start":{"line":151,"column":2},"end":{"line":151,"column":18}},"46":{"start":{"line":154,"column":0},"end":{"line":157,"column":3}},"47":{"start":{"line":155,"column":2},"end":{"line":155,"column":27}},"48":{"start":{"line":156,"column":2},"end":{"line":156,"column":18}},"49":{"start":{"line":159,"column":0},"end":{"line":161,"column":3}},"50":{"start":{"line":160,"column":2},"end":{"line":160,"column":18}},"51":{"start":{"line":170,"column":2},"end":{"line":192,"column":3}},"52":{"start":{"line":171,"column":4},"end":{"line":171,"column":67}},"53":{"start":{"line":174,"column":4},"end":{"line":174,"column":50}},"54":{"start":{"line":175,"column":4},"end":{"line":175,"column":48}},"55":{"start":{"line":178,"column":4},"end":{"line":178,"column":46}},"56":{"start":{"line":179,"column":4},"end":{"line":179,"column":44}},"57":{"start":{"line":183,"column":4},"end":{"line":183,"column":75}},"58":{"start":{"line":184,"column":4},"end":{"line":184,"column":79}},"59":{"start":{"line":185,"column":4},"end":{"line":185,"column":53}},"60":{"start":{"line":187,"column":4},"end":{"line":187,"column":71}},"61":{"start":{"line":188,"column":4},"end":{"line":188,"column":67}},"62":{"start":{"line":190,"column":4},"end":{"line":190,"column":56}},"63":{"start":{"line":191,"column":4},"end":{"line":191,"column":16}},"64":{"start":{"line":199,"column":2},"end":{"line":216,"column":3}},"65":{"start":{"line":200,"column":25},"end":{"line":200,"column":84}},"66":{"start":{"line":201,"column":29},"end":{"line":201,"column":92}},"67":{"start":{"line":202,"column":33},"end":{"line":205,"column":12}},"68":{"start":{"line":207,"column":4},"end":{"line":212,"column":6}},"69":{"start":{"line":214,"column":4},"end":{"line":214,"column":58}},"70":{"start":{"line":215,"column":4},"end":{"line":215,"column":16}},"71":{"start":{"line":223,"column":2},"end":{"line":236,"column":3}},"72":{"start":{"line":224,"column":4},"end":{"line":224,"column":59}},"73":{"start":{"line":226,"column":19},"end":{"line":229,"column":12}},"74":{"start":{"line":231,"column":4},"end":{"line":231,"column":71}},"75":{"start":{"line":232,"column":4},"end":{"line":232,"column":44}},"76":{"start":{"line":234,"column":4},"end":{"line":234,"column":68}},"77":{"start":{"line":235,"column":4},"end":{"line":235,"column":16}},"78":{"start":{"line":242,"column":0},"end":{"line":242,"column":20}},"79":{"start":{"line":243,"column":0},"end":{"line":243,"column":45}},"80":{"start":{"line":244,"column":0},"end":{"line":244,"column":39}},"81":{"start":{"line":245,"column":0},"end":{"line":245,"column":73}}},"fnMap":{"0":{"name":"(anonymous_0)","decl":{"start":{"line":29,"column":32},"end":{"line":29,"column":33}},"loc":{"start":{"line":29,"column":41},"end":{"line":31,"column":1}},"line":29},"1":{"name":"(anonymous_1)","decl":{"start":{"line":33,"column":33},"end":{"line":33,"column":34}},"loc":{"start":{"line":33,"column":54},"end":{"line":35,"column":1}},"line":33},"2":{"name":"initializeDatabase","decl":{"start":{"line":50,"column":9},"end":{"line":50,"column":27}},"loc":{"start":{"line":50,"column":30},"end":{"line":54,"column":1}},"line":50},"3":{"name":"createTables","decl":{"start":{"line":57,"column":9},"end":{"line":57,"column":21}},"loc":{"start":{"line":57,"column":24},"end":{"line":87,"column":1}},"line":57},"4":{"name":"populateProducts","decl":{"start":{"line":90,"column":9},"end":{"line":90,"column":25}},"loc":{"start":{"line":90,"column":28},"end":{"line":105,"column":1}},"line":90},"5":{"name":"(anonymous_5)","decl":{"start":{"line":101,"column":19},"end":{"line":101,"column":20}},"loc":{"start":{"line":101,"column":32},"end":{"line":104,"column":3}},"line":101},"6":{"name":"populateTransactions","decl":{"start":{"line":108,"column":9},"end":{"line":108,"column":29}},"loc":{"start":{"line":108,"column":32},"end":{"line":127,"column":1}},"line":108},"7":{"name":"(anonymous_7)","decl":{"start":{"line":119,"column":23},"end":{"line":119,"column":24}},"loc":{"start":{"line":119,"column":40},"end":{"line":126,"column":3}},"line":119},"8":{"name":"closeDatabase","decl":{"start":{"line":132,"column":9},"end":{"line":132,"column":22}},"loc":{"start":{"line":132,"column":31},"end":{"line":146,"column":1}},"line":132},"9":{"name":"(anonymous_9)","decl":{"start":{"line":149,"column":21},"end":{"line":149,"column":22}},"loc":{"start":{"line":149,"column":27},"end":{"line":152,"column":1}},"line":149},"10":{"name":"(anonymous_10)","decl":{"start":{"line":154,"column":22},"end":{"line":154,"column":23}},"loc":{"start":{"line":154,"column":28},"end":{"line":157,"column":1}},"line":154},"11":{"name":"(anonymous_11)","decl":{"start":{"line":159,"column":19},"end":{"line":159,"column":20}},"loc":{"start":{"line":159,"column":25},"end":{"line":161,"column":1}},"line":159},"12":{"name":"resetDatabase","decl":{"start":{"line":169,"column":9},"end":{"line":169,"column":22}},"loc":{"start":{"line":169,"column":25},"end":{"line":193,"column":1}},"line":169},"13":{"name":"getDbStats","decl":{"start":{"line":198,"column":9},"end":{"line":198,"column":19}},"loc":{"start":{"line":198,"column":22},"end":{"line":217,"column":1}},"line":198},"14":{"name":"cleanupOrphanedTransactions","decl":{"start":{"line":222,"column":9},"end":{"line":222,"column":36}},"loc":{"start":{"line":222,"column":39},"end":{"line":237,"column":1}},"line":222}},"branchMap":{"0":{"loc":{"start":{"line":23,"column":0},"end":{"line":26,"column":1}},"type":"if","locations":[{"start":{"line":23,"column":0},"end":{"line":26,"column":1}},{"start":{},"end":{}}],"line":23},"1":{"loc":{"start":{"line":133,"column":2},"end":{"line":135,"column":3}},"type":"if","locations":[{"start":{"line":133,"column":2},"end":{"line":135,"column":3}},{"start":{},"end":{}}],"line":133},"2":{"loc":{"start":{"line":138,"column":2},"end":{"line":142,"column":3}},"type":"if","locations":[{"start":{"line":138,"column":2},"end":{"line":142,"column":3}},{"start":{"line":140,"column":9},"end":{"line":142,"column":3}}],"line":138}},"s":{"0":2,"1":2,"2":2,"3":2,"4":0,"5":0,"6":2,"7":0,"8":2,"9":0,"10":2,"11":2,"12":2,"13":2,"14":2,"15":2,"16":2,"17":2,"18":2,"19":2,"20":2,"21":2,"22":0,"23":0,"24":0,"25":0,"26":0,"27":0,"28":0,"29":0,"30":0,"31":0,"32":0,"33":0,"34":2,"35":0,"36":0,"37":0,"38":0,"39":0,"40":0,"41":0,"42":0,"43":2,"44":0,"45":0,"46":2,"47":0,"48":0,"49":2,"50":0,"51":0,"52":0,"53":0,"54":0,"55":0,"56":0,"57":0,"58":0,"59":0,"60":0,"61":0,"62":0,"63":0,"64":0,"65":0,"66":0,"67":0,"68":0,"69":0,"70":0,"71":0,"72":0,"73":0,"74":0,"75":0,"76":0,"77":0,"78":2,"79":2,"80":2,"81":2},"f":{"0":0,"1":0,"2":2,"3":2,"4":0,"5":0,"6":0,"7":0,"8":0,"9":0,"10":0,"11":0,"12":0,"13":0,"14":0},"b":{"0":[0,2],"1":[0,0],"2":[0,0]},"_coverageSchema":"1a1c01bbd47fc00a2c39e90264f33305004495a9","hash":"085d7dc07f23afcf862bfa8cbcd3abaf67453053"}
,"/home/medal/Shop_Manager/backend/models/productModel.js": {"path":"/home/medal/Shop_Manager/backend/models/productModel.js","statementMap":{"0":{"start":{"line":18,"column":11},"end":{"line":18,"column":42}},"1":{"start":{"line":21,"column":16},"end":{"line":96,"column":1}},"2":{"start":{"line":24,"column":51},"end":{"line":24,"column":62}},"3":{"start":{"line":25,"column":26},"end":{"line":28,"column":10}},"4":{"start":{"line":29,"column":4},"end":{"line":34,"column":5}},"5":{"start":{"line":30,"column":21},"end":{"line":30,"column":74}},"6":{"start":{"line":31,"column":6},"end":{"line":31,"column":44}},"7":{"start":{"line":33,"column":6},"end":{"line":33,"column":18}},"8":{"start":{"line":39,"column":27},"end":{"line":41,"column":10}},"9":{"start":{"line":42,"column":4},"end":{"line":47,"column":5}},"10":{"start":{"line":43,"column":22},"end":{"line":43,"column":42}},"11":{"start":{"line":44,"column":6},"end":{"line":44,"column":30}},"12":{"start":{"line":46,"column":6},"end":{"line":46,"column":28}},"13":{"start":{"line":52,"column":26},"end":{"line":54,"column":10}},"14":{"start":{"line":55,"column":4},"end":{"line":60,"column":5}},"15":{"start":{"line":56,"column":21},"end":{"line":56,"column":42}},"16":{"start":{"line":57,"column":6},"end":{"line":57,"column":29}},"17":{"start":{"line":59,"column":6},"end":{"line":59,"column":28}},"18":{"start":{"line":65,"column":51},"end":{"line":65,"column":55}},"19":{"start":{"line":66,"column":26},"end":{"line":70,"column":10}},"20":{"start":{"line":71,"column":4},"end":{"line":76,"column":5}},"21":{"start":{"line":72,"column":6},"end":{"line":72,"column":64}},"22":{"start":{"line":73,"column":6},"end":{"line":73,"column":66}},"23":{"start":{"line":75,"column":6},"end":{"line":75,"column":28}},"24":{"start":{"line":82,"column":26},"end":{"line":85,"column":10}},"25":{"start":{"line":86,"column":4},"end":{"line":94,"column":5}},"26":{"start":{"line":87,"column":21},"end":{"line":87,"column":42}},"27":{"start":{"line":88,"column":6},"end":{"line":91,"column":9}},"28":{"start":{"line":93,"column":6},"end":{"line":93,"column":28}},"29":{"start":{"line":98,"column":0},"end":{"line":98,"column":25}}},"fnMap":{"0":{"name":"(anonymous_0)","decl":{"start":{"line":23,"column":10},"end":{"line":23,"column":11}},"loc":{"start":{"line":23,"column":33},"end":{"line":35,"column":3}},"line":23},"1":{"name":"(anonymous_1)","decl":{"start":{"line":38,"column":11},"end":{"line":38,"column":12}},"loc":{"start":{"line":38,"column":25},"end":{"line":48,"column":3}},"line":38},"2":{"name":"(anonymous_2)","decl":{"start":{"line":51,"column":12},"end":{"line":51,"column":13}},"loc":{"start":{"line":51,"column":30},"end":{"line":61,"column":3}},"line":51},"3":{"name":"(anonymous_3)","decl":{"start":{"line":64,"column":14},"end":{"line":64,"column":15}},"loc":{"start":{"line":64,"column":38},"end":{"line":77,"column":3}},"line":64},"4":{"name":"(anonymous_4)","decl":{"start":{"line":81,"column":14},"end":{"line":81,"column":15}},"loc":{"start":{"line":81,"column":32},"end":{"line":95,"column":3}},"line":81}},"branchMap":{},"s":{"0":2,"1":2,"2":3,"3":3,"4":3,"5":3,"6":3,"7":0,"8":1,"9":1,"10":1,"11":1,"12":0,"13":11,"14":11,"15":11,"16":11,"17":0,"18":1,"19":1,"20":1,"21":1,"22":1,"23":0,"24":1,"25":1,"26":1,"27":1,"28":0,"29":2},"f":{"0":3,"1":1,"2":11,"3":1,"4":1},"b":{},"_coverageSchema":"1a1c01bbd47fc00a2c39e90264f33305004495a9","hash":"f11ee0d58bd9fa79b2d9c9841c115d61c5076fd0"}
,"/home/medal/Shop_Manager/backend/models/transactionModel.js": {"path":"/home/medal/Shop_Manager/backend/models/transactionModel.js","statementMap":{"0":{"start":{"line":20,"column":11},"end":{"line":20,"column":42}},"1":{"start":{"line":23,"column":20},"end":{"line":202,"column":1}},"2":{"start":{"line":28,"column":93},"end":{"line":28,"column":108}},"3":{"start":{"line":30,"column":4},"end":{"line":85,"column":5}},"4":{"start":{"line":31,"column":6},"end":{"line":31,"column":61}},"5":{"start":{"line":34,"column":32},"end":{"line":37,"column":14}},"6":{"start":{"line":39,"column":36},"end":{"line":43,"column":14}},"7":{"start":{"line":46,"column":26},"end":{"line":74,"column":8}},"8":{"start":{"line":48,"column":23},"end":{"line":55,"column":9}},"9":{"start":{"line":56,"column":30},"end":{"line":56,"column":60}},"10":{"start":{"line":59,"column":34},"end":{"line":64,"column":9}},"11":{"start":{"line":67,"column":8},"end":{"line":71,"column":9}},"12":{"start":{"line":68,"column":10},"end":{"line":70,"column":12}},"13":{"start":{"line":73,"column":8},"end":{"line":73,"column":29}},"14":{"start":{"line":77,"column":28},"end":{"line":77,"column":41}},"15":{"start":{"line":78,"column":6},"end":{"line":78,"column":36}},"16":{"start":{"line":80,"column":6},"end":{"line":83,"column":8}},"17":{"start":{"line":84,"column":6},"end":{"line":84,"column":28}},"18":{"start":{"line":91,"column":31},"end":{"line":93,"column":10}},"19":{"start":{"line":94,"column":4},"end":{"line":99,"column":5}},"20":{"start":{"line":95,"column":22},"end":{"line":95,"column":46}},"21":{"start":{"line":96,"column":6},"end":{"line":96,"column":30}},"22":{"start":{"line":98,"column":6},"end":{"line":98,"column":28}},"23":{"start":{"line":105,"column":30},"end":{"line":107,"column":10}},"24":{"start":{"line":108,"column":4},"end":{"line":113,"column":5}},"25":{"start":{"line":109,"column":21},"end":{"line":109,"column":46}},"26":{"start":{"line":110,"column":6},"end":{"line":110,"column":29}},"27":{"start":{"line":112,"column":6},"end":{"line":112,"column":28}},"28":{"start":{"line":118,"column":26},"end":{"line":120,"column":10}},"29":{"start":{"line":121,"column":4},"end":{"line":126,"column":5}},"30":{"start":{"line":122,"column":21},"end":{"line":122,"column":49}},"31":{"start":{"line":123,"column":6},"end":{"line":123,"column":29}},"32":{"start":{"line":125,"column":6},"end":{"line":125,"column":28}},"33":{"start":{"line":131,"column":30},"end":{"line":133,"column":10}},"34":{"start":{"line":134,"column":4},"end":{"line":139,"column":5}},"35":{"start":{"line":135,"column":21},"end":{"line":135,"column":53}},"36":{"start":{"line":136,"column":6},"end":{"line":136,"column":50}},"37":{"start":{"line":138,"column":6},"end":{"line":138,"column":28}},"38":{"start":{"line":144,"column":4},"end":{"line":146,"column":5}},"39":{"start":{"line":145,"column":6},"end":{"line":145,"column":72}},"40":{"start":{"line":148,"column":28},"end":{"line":150,"column":10}},"41":{"start":{"line":151,"column":4},"end":{"line":161,"column":5}},"42":{"start":{"line":152,"column":21},"end":{"line":152,"column":53}},"43":{"start":{"line":153,"column":6},"end":{"line":157,"column":7}},"44":{"start":{"line":154,"column":8},"end":{"line":154,"column":34}},"45":{"start":{"line":156,"column":8},"end":{"line":156,"column":82}},"46":{"start":{"line":159,"column":6},"end":{"line":159,"column":68}},"47":{"start":{"line":160,"column":6},"end":{"line":160,"column":28}},"48":{"start":{"line":166,"column":31},"end":{"line":168,"column":10}},"49":{"start":{"line":169,"column":4},"end":{"line":180,"column":5}},"50":{"start":{"line":170,"column":21},"end":{"line":170,"column":54}},"51":{"start":{"line":171,"column":6},"end":{"line":177,"column":7}},"52":{"start":{"line":172,"column":22},"end":{"line":172,"column":91}},"53":{"start":{"line":173,"column":27},"end":{"line":173,"column":43}},"54":{"start":{"line":174,"column":8},"end":{"line":174,"column":35}},"55":{"start":{"line":176,"column":8},"end":{"line":176,"column":55}},"56":{"start":{"line":179,"column":6},"end":{"line":179,"column":28}},"57":{"start":{"line":185,"column":34},"end":{"line":189,"column":10}},"58":{"start":{"line":190,"column":4},"end":{"line":200,"column":5}},"59":{"start":{"line":191,"column":6},"end":{"line":196,"column":8}},"60":{"start":{"line":197,"column":6},"end":{"line":197,"column":75}},"61":{"start":{"line":199,"column":6},"end":{"line":199,"column":28}},"62":{"start":{"line":204,"column":0},"end":{"line":204,"column":29}}},"fnMap":{"0":{"name":"(anonymous_0)","decl":{"start":{"line":26,"column":10},"end":{"line":26,"column":11}},"loc":{"start":{"line":26,"column":41},"end":{"line":86,"column":3}},"line":26},"1":{"name":"(anonymous_1)","decl":{"start":{"line":46,"column":41},"end":{"line":46,"column":42}},"loc":{"start":{"line":46,"column":47},"end":{"line":74,"column":7}},"line":46},"2":{"name":"(anonymous_2)","decl":{"start":{"line":89,"column":11},"end":{"line":89,"column":12}},"loc":{"start":{"line":89,"column":25},"end":{"line":100,"column":3}},"line":89},"3":{"name":"(anonymous_3)","decl":{"start":{"line":103,"column":12},"end":{"line":103,"column":13}},"loc":{"start":{"line":103,"column":30},"end":{"line":114,"column":3}},"line":103},"4":{"name":"(anonymous_4)","decl":{"start":{"line":117,"column":18},"end":{"line":117,"column":19}},"loc":{"start":{"line":117,"column":43},"end":{"line":127,"column":3}},"line":117},"5":{"name":"(anonymous_5)","decl":{"start":{"line":130,"column":22},"end":{"line":130,"column":23}},"loc":{"start":{"line":130,"column":47},"end":{"line":140,"column":3}},"line":130},"6":{"name":"(anonymous_6)","decl":{"start":{"line":143,"column":22},"end":{"line":143,"column":23}},"loc":{"start":{"line":143,"column":49},"end":{"line":162,"column":3}},"line":143},"7":{"name":"(anonymous_7)","decl":{"start":{"line":165,"column":23},"end":{"line":165,"column":24}},"loc":{"start":{"line":165,"column":75},"end":{"line":181,"column":3}},"line":165},"8":{"name":"(anonymous_8)","decl":{"start":{"line":184,"column":25},"end":{"line":184,"column":26}},"loc":{"start":{"line":184,"column":79},"end":{"line":201,"column":3}},"line":184}},"branchMap":{"0":{"loc":{"start":{"line":61,"column":10},"end":{"line":61,"column":64}},"type":"cond-expr","locations":[{"start":{"line":61,"column":44},"end":{"line":61,"column":52}},{"start":{"line":61,"column":55},"end":{"line":61,"column":64}}],"line":61},"1":{"loc":{"start":{"line":67,"column":8},"end":{"line":71,"column":9}},"type":"if","locations":[{"start":{"line":67,"column":8},"end":{"line":71,"column":9}},{"start":{},"end":{}}],"line":67},"2":{"loc":{"start":{"line":136,"column":21},"end":{"line":136,"column":48}},"type":"cond-expr","locations":[{"start":{"line":136,"column":30},"end":{"line":136,"column":41}},{"start":{"line":136,"column":44},"end":{"line":136,"column":48}}],"line":136},"3":{"loc":{"start":{"line":144,"column":4},"end":{"line":146,"column":5}},"type":"if","locations":[{"start":{"line":144,"column":4},"end":{"line":146,"column":5}},{"start":{},"end":{}}],"line":144},"4":{"loc":{"start":{"line":144,"column":8},"end":{"line":144,"column":55}},"type":"binary-expr","locations":[{"start":{"line":144,"column":8},"end":{"line":144,"column":20}},{"start":{"line":144,"column":24},"end":{"line":144,"column":55}}],"line":144},"5":{"loc":{"start":{"line":153,"column":6},"end":{"line":157,"column":7}},"type":"if","locations":[{"start":{"line":153,"column":6},"end":{"line":157,"column":7}},{"start":{"line":155,"column":13},"end":{"line":157,"column":7}}],"line":153},"6":{"loc":{"start":{"line":171,"column":6},"end":{"line":177,"column":7}},"type":"if","locations":[{"start":{"line":171,"column":6},"end":{"line":177,"column":7}},{"start":{"line":175,"column":13},"end":{"line":177,"column":7}}],"line":171},"7":{"loc":{"start":{"line":172,"column":22},"end":{"line":172,"column":91}},"type":"cond-expr","locations":[{"start":{"line":172,"column":55},"end":{"line":172,"column":71}},{"start":{"line":172,"column":74},"end":{"line":172,"column":91}}],"line":172},"8":{"loc":{"start":{"line":193,"column":8},"end":{"line":193,"column":62}},"type":"cond-expr","locations":[{"start":{"line":193,"column":42},"end":{"line":193,"column":50}},{"start":{"line":193,"column":53},"end":{"line":193,"column":62}}],"line":193}},"s":{"0":2,"1":2,"2":4,"3":4,"4":4,"5":4,"6":4,"7":4,"8":4,"9":4,"10":4,"11":4,"12":0,"13":4,"14":4,"15":4,"16":0,"17":0,"18":3,"19":3,"20":3,"21":3,"22":0,"23":1,"24":1,"25":1,"26":1,"27":0,"28":5,"29":5,"30":5,"31":5,"32":0,"33":0,"34":0,"35":0,"36":0,"37":0,"38":6,"39":0,"40":6,"41":6,"42":6,"43":6,"44":5,"45":1,"46":0,"47":0,"48":4,"49":4,"50":4,"51":4,"52":4,"53":4,"54":4,"55":0,"56":0,"57":0,"58":0,"59":0,"60":0,"61":0,"62":2},"f":{"0":4,"1":4,"2":3,"3":1,"4":5,"5":0,"6":6,"7":4,"8":0},"b":{"0":[2,2],"1":[0,4],"2":[0,0],"3":[0,6],"4":[6,6],"5":[5,1],"6":[4,0],"7":[2,2],"8":[0,0]},"_coverageSchema":"1a1c01bbd47fc00a2c39e90264f33305004495a9","hash":"23d910deda8c2c75ebe049785a61748a6d08f72c"}
,"/home/medal/Shop_Manager/backend/routes/adminRoutes.js": {"path":"/home/medal/Shop_Manager/backend/routes/adminRoutes.js","statementMap":{"0":{"start":{"line":16,"column":16},"end":{"line":16,"column":34}},"1":{"start":{"line":17,"column":15},"end":{"line":17,"column":31}},"2":{"start":{"line":18,"column":24},"end":{"line":18,"column":65}},"3":{"start":{"line":21,"column":0},"end":{"line":21,"column":53}},"4":{"start":{"line":24,"column":0},"end":{"line":24,"column":49}},"5":{"start":{"line":27,"column":0},"end":{"line":27,"column":69}},"6":{"start":{"line":30,"column":0},"end":{"line":30,"column":51}},"7":{"start":{"line":32,"column":0},"end":{"line":32,"column":24}}},"fnMap":{},"branchMap":{},"s":{"0":2,"1":2,"2":2,"3":2,"4":2,"5":2,"6":2,"7":2},"f":{},"b":{},"_coverageSchema":"1a1c01bbd47fc00a2c39e90264f33305004495a9","hash":"5106df1543bae68cb5e5b2303b8f77f13da36897"}
,"/home/medal/Shop_Manager/backend/routes/productRoutes.js": {"path":"/home/medal/Shop_Manager/backend/routes/productRoutes.js","statementMap":{"0":{"start":{"line":16,"column":16},"end":{"line":16,"column":34}},"1":{"start":{"line":17,"column":26},"end":{"line":17,"column":69}},"2":{"start":{"line":19,"column":15},"end":{"line":19,"column":31}},"3":{"start":{"line":24,"column":0},"end":{"line":24,"column":50}},"4":{"start":{"line":27,"column":0},"end":{"line":27,"column":50}},"5":{"start":{"line":30,"column":0},"end":{"line":30,"column":53}},"6":{"start":{"line":33,"column":0},"end":{"line":33,"column":52}},"7":{"start":{"line":36,"column":0},"end":{"line":36,"column":55}},"8":{"start":{"line":39,"column":0},"end":{"line":39,"column":24}}},"fnMap":{},"branchMap":{},"s":{"0":2,"1":2,"2":2,"3":2,"4":2,"5":2,"6":2,"7":2,"8":2},"f":{},"b":{},"_coverageSchema":"1a1c01bbd47fc00a2c39e90264f33305004495a9","hash":"ad29280f35c40e2172d693b53ab48fd8fc4a4109"}
,"/home/medal/Shop_Manager/backend/routes/transactionRoutes.js": {"path":"/home/medal/Shop_Manager/backend/routes/transactionRoutes.js","statementMap":{"0":{"start":{"line":14,"column":16},"end":{"line":14,"column":34}},"1":{"start":{"line":15,"column":30},"end":{"line":15,"column":77}},"2":{"start":{"line":17,"column":15},"end":{"line":17,"column":31}},"3":{"start":{"line":22,"column":0},"end":{"line":22,"column":58}},"4":{"start":{"line":25,"column":0},"end":{"line":25,"column":58}},"5":{"start":{"line":28,"column":0},"end":{"line":28,"column":61}},"6":{"start":{"line":31,"column":0},"end":{"line":31,"column":24}}},"fnMap":{},"branchMap":{},"s":{"0":2,"1":2,"2":2,"3":2,"4":2,"5":2,"6":2},"f":{},"b":{},"_coverageSchema":"1a1c01bbd47fc00a2c39e90264f33305004495a9","hash":"d03f90ca6272222dd5994bdec3d599d38c379b31"}
}
