TN:
SF:backend/index.js
FN:35,(anonymous_0)
FN:46,(anonymous_1)
FN:50,(anonymous_2)
FN:55,(anonymous_3)
FN:57,(anonymous_4)
FN:64,(anonymous_5)
FN:66,(anonymous_6)
FNF:7
FNH:0
FNDA:0,(anonymous_0)
FNDA:0,(anonymous_1)
FNDA:0,(anonymous_2)
FNDA:0,(anonymous_3)
FNDA:0,(anonymous_4)
FNDA:0,(anonymous_5)
FNDA:0,(anonymous_6)
DA:15,2
DA:18,2
DA:19,2
DA:20,2
DA:21,2
DA:22,2
DA:25,2
DA:26,2
DA:27,2
DA:30,2
DA:31,2
DA:32,2
DA:35,2
DA:36,0
DA:42,2
DA:43,0
DA:44,0
DA:46,0
DA:47,0
DA:50,0
DA:51,0
DA:55,0
DA:56,0
DA:57,0
DA:58,0
DA:64,0
DA:65,0
DA:66,0
DA:67,0
DA:74,2
LF:30
LH:15
BRDA:42,0,0,0
BRDA:42,0,1,2
BRDA:43,1,0,0
BRDA:43,1,1,0
BRDA:56,2,0,0
BRDA:56,2,1,0
BRDA:65,3,0,0
BRDA:65,3,1,0
BRF:8
BRH:1
end_of_record
TN:
SF:backend/controllers/adminController.js
FN:19,(anonymous_0)
FN:39,(anonymous_1)
FN:57,(anonymous_2)
FN:80,(anonymous_3)
FNF:4
FNH:0
FNDA:0,(anonymous_0)
FNDA:0,(anonymous_1)
FNDA:0,(anonymous_2)
FNDA:0,(anonymous_3)
DA:16,2
DA:19,2
DA:20,0
DA:22,0
DA:24,0
DA:30,0
DA:31,0
DA:39,2
DA:40,0
DA:41,0
DA:43,0
DA:48,0
DA:49,0
DA:57,2
DA:58,0
DA:59,0
DA:61,0
DA:69,0
DA:70,0
DA:80,2
DA:81,0
DA:82,0
DA:84,0
DA:85,0
DA:87,0
DA:102,0
LF:26
LH:5
BRDA:85,0,0,0
BRDA:85,0,1,0
BRDA:94,1,0,0
BRDA:94,1,1,0
BRDA:96,2,0,0
BRDA:96,2,1,0
BRF:6
BRH:0
end_of_record
TN:
SF:backend/controllers/productController.js
FN:26,(anonymous_0)
FN:27,(anonymous_1)
FN:28,(anonymous_2)
FN:31,(anonymous_3)
FN:41,(anonymous_4)
FN:78,(anonymous_5)
FN:89,(anonymous_6)
FN:106,(anonymous_7)
FN:160,(anonymous_8)
FNF:9
FNH:9
FNDA:14,(anonymous_0)
FNDA:14,(anonymous_1)
FNDA:14,(anonymous_2)
FNDA:14,(anonymous_3)
FNDA:3,(anonymous_4)
FNDA:1,(anonymous_5)
FNDA:6,(anonymous_6)
FNDA:2,(anonymous_7)
FNDA:2,(anonymous_8)
DA:23,2
DA:26,2
DA:27,14
DA:28,14
DA:29,14
DA:32,14
DA:33,14
DA:41,2
DA:42,3
DA:43,3
DA:47,3
DA:48,0
DA:50,3
DA:51,0
DA:54,3
DA:55,0
DA:58,3
DA:59,0
DA:62,3
DA:63,1
DA:66,2
DA:68,2
DA:73,0
DA:78,2
DA:79,1
DA:80,1
DA:81,1
DA:82,1
DA:84,0
DA:89,2
DA:90,6
DA:91,6
DA:92,6
DA:93,6
DA:95,6
DA:96,1
DA:99,5
DA:101,0
DA:106,2
DA:107,2
DA:108,2
DA:111,2
DA:112,2
DA:114,2
DA:115,0
DA:119,2
DA:121,2
DA:123,2
DA:124,2
DA:127,2
DA:128,0
DA:131,2
DA:132,1
DA:135,1
DA:136,0
DA:139,1
DA:140,0
DA:143,1
DA:144,0
DA:147,1
DA:148,1
DA:151,1
DA:152,1
DA:154,0
DA:155,0
DA:160,2
DA:161,2
DA:162,2
DA:163,2
DA:166,2
DA:167,0
DA:170,2
DA:171,2
DA:174,2
DA:175,2
DA:176,1
DA:180,1
DA:181,1
DA:185,1
DA:186,1
DA:188,1
DA:189,0
DA:190,0
DA:194,1
DA:196,1
DA:203,0
LF:86
LH:68
BRDA:32,0,0,0
BRDA:32,0,1,14
BRDA:47,1,0,0
BRDA:47,1,1,3
BRDA:50,2,0,0
BRDA:50,2,1,3
BRDA:54,3,0,0
BRDA:54,3,1,3
BRDA:54,4,0,3
BRDA:54,4,1,3
BRDA:58,5,0,0
BRDA:58,5,1,3
BRDA:62,6,0,1
BRDA:62,6,1,2
BRDA:95,7,0,1
BRDA:95,7,1,5
BRDA:114,8,0,0
BRDA:114,8,1,2
BRDA:119,9,0,2
BRDA:119,9,1,0
BRDA:121,10,0,2
BRDA:121,10,1,0
BRDA:123,11,0,2
BRDA:123,11,1,0
BRDA:124,12,0,2
BRDA:124,12,1,0
BRDA:127,13,0,0
BRDA:127,13,1,2
BRDA:127,14,0,2
BRDA:127,14,1,1
BRDA:131,15,0,1
BRDA:131,15,1,1
BRDA:135,16,0,0
BRDA:135,16,1,1
BRDA:139,17,0,0
BRDA:139,17,1,1
BRDA:143,18,0,0
BRDA:143,18,1,1
BRDA:166,19,0,0
BRDA:166,19,1,2
BRDA:166,20,0,2
BRDA:166,20,1,2
BRDA:175,21,0,1
BRDA:175,21,1,1
BRDA:185,22,0,1
BRDA:185,22,1,1
BRDA:188,23,0,0
BRDA:188,23,1,1
BRDA:200,24,0,1
BRDA:200,24,1,0
BRF:50
BRH:33
end_of_record
TN:
SF:backend/controllers/transactionController.js
FN:26,(anonymous_0)
FN:27,(anonymous_1)
FN:28,(anonymous_2)
FN:31,(anonymous_3)
FN:41,(anonymous_4)
FN:99,(anonymous_5)
FN:110,(anonymous_6)
FNF:7
FNH:7
FNDA:28,(anonymous_0)
FNDA:23,(anonymous_1)
FNDA:23,(anonymous_2)
FNDA:23,(anonymous_3)
FNDA:7,(anonymous_4)
FNDA:3,(anonymous_5)
FNDA:1,(anonymous_6)
DA:23,2
DA:26,2
DA:27,28
DA:28,23
DA:29,23
DA:32,23
DA:33,22
DA:41,2
DA:42,7
DA:43,7
DA:46,7
DA:47,1
DA:55,6
DA:56,6
DA:57,6
DA:58,6
DA:61,6
DA:64,5
DA:65,5
DA:66,0
DA:70,5
DA:71,1
DA:75,4
DA:78,4
DA:81,4
DA:89,4
DA:91,1
DA:92,1
DA:94,0
DA:99,2
DA:100,3
DA:101,3
DA:102,3
DA:103,3
DA:105,0
DA:110,2
DA:111,1
DA:112,1
DA:113,1
DA:114,1
DA:116,1
DA:117,0
DA:120,1
DA:122,0
LF:44
LH:39
BRDA:32,0,0,1
BRDA:32,0,1,22
BRDA:46,1,0,1
BRDA:46,1,1,6
BRDA:46,2,0,7
BRDA:46,2,1,7
BRDA:46,2,2,6
BRDA:65,3,0,0
BRDA:65,3,1,5
BRDA:70,4,0,1
BRDA:70,4,1,4
BRDA:70,5,0,5
BRDA:70,5,1,3
BRDA:91,6,0,1
BRDA:91,6,1,0
BRDA:94,7,0,0
BRDA:94,7,1,0
BRDA:105,8,0,0
BRDA:105,8,1,0
BRDA:116,9,0,0
BRDA:116,9,1,1
BRDA:122,10,0,0
BRDA:122,10,1,0
BRF:23
BRH:14
end_of_record
TN:
SF:backend/database/database.js
FN:29,(anonymous_0)
FN:33,(anonymous_1)
FN:50,initializeDatabase
FN:57,createTables
FN:90,populateProducts
FN:101,(anonymous_5)
FN:108,populateTransactions
FN:119,(anonymous_7)
FN:132,closeDatabase
FN:149,(anonymous_9)
FN:154,(anonymous_10)
FN:159,(anonymous_11)
FN:169,resetDatabase
FN:198,getDbStats
FN:222,cleanupOrphanedTransactions
FNF:15
FNH:2
FNDA:0,(anonymous_0)
FNDA:0,(anonymous_1)
FNDA:2,initializeDatabase
FNDA:2,createTables
FNDA:0,populateProducts
FNDA:0,(anonymous_5)
FNDA:0,populateTransactions
FNDA:0,(anonymous_7)
FNDA:0,closeDatabase
FNDA:0,(anonymous_9)
FNDA:0,(anonymous_10)
FNDA:0,(anonymous_11)
FNDA:0,resetDatabase
FNDA:0,getDbStats
FNDA:0,cleanupOrphanedTransactions
DA:18,2
DA:19,2
DA:20,2
DA:23,2
DA:24,0
DA:25,0
DA:29,2
DA:30,0
DA:33,2
DA:34,0
DA:39,2
DA:40,2
DA:43,2
DA:44,2
DA:47,2
DA:51,2
DA:58,2
DA:69,2
DA:82,2
DA:83,2
DA:85,2
DA:86,2
DA:91,0
DA:97,0
DA:101,0
DA:102,0
DA:103,0
DA:109,0
DA:115,0
DA:119,0
DA:120,0
DA:121,0
DA:122,0
DA:124,0
DA:129,2
DA:133,0
DA:134,0
DA:137,0
DA:138,0
DA:139,0
DA:141,0
DA:144,0
DA:145,0
DA:149,2
DA:150,0
DA:151,0
DA:154,2
DA:155,0
DA:156,0
DA:159,2
DA:160,0
DA:170,0
DA:171,0
DA:174,0
DA:175,0
DA:178,0
DA:179,0
DA:183,0
DA:184,0
DA:185,0
DA:187,0
DA:188,0
DA:190,0
DA:191,0
DA:199,0
DA:200,0
DA:201,0
DA:202,0
DA:207,0
DA:214,0
DA:215,0
DA:223,0
DA:224,0
DA:226,0
DA:231,0
DA:232,0
DA:234,0
DA:235,0
DA:242,2
DA:243,2
DA:244,2
DA:245,2
LF:82
LH:26
BRDA:23,0,0,0
BRDA:23,0,1,2
BRDA:133,1,0,0
BRDA:133,1,1,0
BRDA:138,2,0,0
BRDA:138,2,1,0
BRF:6
BRH:1
end_of_record
TN:
SF:backend/models/productModel.js
FN:23,(anonymous_0)
FN:38,(anonymous_1)
FN:51,(anonymous_2)
FN:64,(anonymous_3)
FN:81,(anonymous_4)
FNF:5
FNH:5
FNDA:3,(anonymous_0)
FNDA:1,(anonymous_1)
FNDA:11,(anonymous_2)
FNDA:1,(anonymous_3)
FNDA:1,(anonymous_4)
DA:18,2
DA:21,2
DA:24,3
DA:25,3
DA:29,3
DA:30,3
DA:31,3
DA:33,0
DA:39,1
DA:42,1
DA:43,1
DA:44,1
DA:46,0
DA:52,11
DA:55,11
DA:56,11
DA:57,11
DA:59,0
DA:65,1
DA:66,1
DA:71,1
DA:72,1
DA:73,1
DA:75,0
DA:82,1
DA:86,1
DA:87,1
DA:88,1
DA:93,0
DA:98,2
LF:30
LH:25
BRF:0
BRH:0
end_of_record
TN:
SF:backend/models/transactionModel.js
FN:26,(anonymous_0)
FN:46,(anonymous_1)
FN:89,(anonymous_2)
FN:103,(anonymous_3)
FN:117,(anonymous_4)
FN:130,(anonymous_5)
FN:143,(anonymous_6)
FN:165,(anonymous_7)
FN:184,(anonymous_8)
FNF:9
FNH:7
FNDA:4,(anonymous_0)
FNDA:4,(anonymous_1)
FNDA:3,(anonymous_2)
FNDA:1,(anonymous_3)
FNDA:5,(anonymous_4)
FNDA:0,(anonymous_5)
FNDA:6,(anonymous_6)
FNDA:4,(anonymous_7)
FNDA:0,(anonymous_8)
DA:20,2
DA:23,2
DA:28,4
DA:30,4
DA:31,4
DA:34,4
DA:39,4
DA:46,4
DA:48,4
DA:56,4
DA:59,4
DA:67,4
DA:68,0
DA:73,4
DA:77,4
DA:78,4
DA:80,0
DA:84,0
DA:91,3
DA:94,3
DA:95,3
DA:96,3
DA:98,0
DA:105,1
DA:108,1
DA:109,1
DA:110,1
DA:112,0
DA:118,5
DA:121,5
DA:122,5
DA:123,5
DA:125,0
DA:131,0
DA:134,0
DA:135,0
DA:136,0
DA:138,0
DA:144,6
DA:145,0
DA:148,6
DA:151,6
DA:152,6
DA:153,6
DA:154,5
DA:156,1
DA:159,0
DA:160,0
DA:166,4
DA:169,4
DA:170,4
DA:171,4
DA:172,4
DA:173,4
DA:174,4
DA:176,0
DA:179,0
DA:185,0
DA:190,0
DA:191,0
DA:197,0
DA:199,0
DA:204,2
LF:63
LH:42
BRDA:61,0,0,2
BRDA:61,0,1,2
BRDA:67,1,0,0
BRDA:67,1,1,4
BRDA:136,2,0,0
BRDA:136,2,1,0
BRDA:144,3,0,0
BRDA:144,3,1,6
BRDA:144,4,0,6
BRDA:144,4,1,6
BRDA:153,5,0,5
BRDA:153,5,1,1
BRDA:171,6,0,4
BRDA:171,6,1,0
BRDA:172,7,0,2
BRDA:172,7,1,2
BRDA:193,8,0,0
BRDA:193,8,1,0
BRF:18
BRH:11
end_of_record
TN:
SF:backend/routes/adminRoutes.js
FNF:0
FNH:0
DA:16,2
DA:17,2
DA:18,2
DA:21,2
DA:24,2
DA:27,2
DA:30,2
DA:32,2
LF:8
LH:8
BRF:0
BRH:0
end_of_record
TN:
SF:backend/routes/productRoutes.js
FNF:0
FNH:0
DA:16,2
DA:17,2
DA:19,2
DA:24,2
DA:27,2
DA:30,2
DA:33,2
DA:36,2
DA:39,2
LF:9
LH:9
BRF:0
BRH:0
end_of_record
TN:
SF:backend/routes/transactionRoutes.js
FNF:0
FNH:0
DA:14,2
DA:15,2
DA:17,2
DA:22,2
DA:25,2
DA:28,2
DA:31,2
LF:7
LH:7
BRF:0
BRH:0
end_of_record
